#
# There is insufficient memory for the Java Runtime Environment to continue.
# Native memory allocation (mmap) failed to map 110100480 bytes for committing reserved memory.
# Possible reasons:
#   The system is out of physical RAM or swap space
#   The process is running with CompressedOops enabled, and the Java Heap may be blocking the growth of the native heap
# Possible solutions:
#   Reduce memory load on the system
#   Increase physical memory or swap space
#   Check if swap backing store is full
#   Decrease Java heap size (-Xmx/-Xms)
#   Decrease number of Java threads
#   Decrease Java thread stack sizes (-Xss)
#   Set larger code cache with -XX:ReservedCodeCacheSize=
#   JVM is running with Unscaled Compressed Oops mode in which the Java heap is
#     placed in the first 4GB address space. The Java Heap base address is the
#     maximum limit for the native heap growth. Please use -XX:HeapBaseMinAddress
#     to set the Java Heap base and to place the Java Heap above 4GB virtual address.
# This output file may be truncated or incomplete.
#
#  Out of Memory Error (os_linux.cpp:2886), pid=20310, tid=20317
#
# JRE version: OpenJDK Runtime Environment (11.0.8+10) (build 11.0.8+10-post-Ubuntu-0ubuntu118.04.1)
# Java VM: OpenJDK 64-Bit Server VM (11.0.8+10-post-Ubuntu-0ubuntu118.04.1, mixed mode, sharing, tiered, compressed oops, g1 gc, linux-amd64)
# Core dump will be written. Default location: Core dumps may be processed with "/usr/share/apport/apport %p %s %c %d %P %E" (or dumping to /home/yashobhushan/Documents/spring_plural/springRestAPIS/src/main/java/com/example/demo/configuration/core.20310)
#

---------------  S U M M A R Y ------------

Command Line: -agentlib:jdwp=transport=dt_socket,server=n,suspend=y,address=localhost:39293 -Dfile.encoding=UTF-8 com.example.demo.DemoApplication

Host: Intel(R) Core(TM) i7-6500U CPU @ 2.50GHz, 4 cores, 7G, Ubuntu 18.04.3 LTS
Time: Thu Oct 15 05:21:55 2020 IST elapsed time: 12846 seconds (0d 3h 34m 6s)

---------------  T H R E A D  ---------------

Current thread (0x00007f7fa0110000):  VMThread "VM Thread" [stack: 0x00007f7f845ab000,0x00007f7f846ab000] [id=20317]

Stack: [0x00007f7f845ab000,0x00007f7f846ab000],  sp=0x00007f7f846a8e40,  free space=1015k
Native frames: (J=compiled Java code, A=aot compiled Java code, j=interpreted, Vv=VM code, C=native code)
V  [libjvm.so+0xdf8919]
V  [libjvm.so+0xdf95ab]
V  [libjvm.so+0x651835]
V  [libjvm.so+0xbd0698]
V  [libjvm.so+0xbc7acd]
V  [libjvm.so+0x77053f]
V  [libjvm.so+0x7707ae]
V  [libjvm.so+0x77c820]
V  [libjvm.so+0x7f8a49]
V  [libjvm.so+0x7f96a2]
V  [libjvm.so+0x7f9b09]
V  [libjvm.so+0x72ec3f]
V  [libjvm.so+0x73393a]
V  [libjvm.so+0xe03b91]
V  [libjvm.so+0xdfb1e8]
V  [libjvm.so+0xe01396]
V  [libjvm.so+0xe018a0]
V  [libjvm.so+0xe01d23]
V  [libjvm.so+0xd860bf]
V  [libjvm.so+0xbd632e]

VM_Operation (0x00007f7f01de82b0): G1CollectForAllocation, mode: safepoint, requested by thread 0x00007f7f1ccf5800


---------------  P R O C E S S  ---------------

Threads class SMR info:
_java_thread_list=0x00007f7f60011d70, length=83, elements={
0x00007f7fa0112800, 0x00007f7fa011c800, 0x00007f7fa0122800, 0x00007f7fa0124800,
0x00007f7fa0126800, 0x00007f7fa0128800, 0x00007f7fa016e000, 0x00007f7fa0171800,
0x00007f7f44001800, 0x00007f7fa0173800, 0x00007f7fa0180800, 0x00007f7f1db78000,
0x00007f7fa0019800, 0x00007f7f0c180800, 0x00007f7f0c18c000, 0x00007f7f1410f000,
0x00007f7f1451c000, 0x00007f7f1e4c3000, 0x00007f7f1e4bc000, 0x00007f7f1d4af800,
0x00007f7f1d4b1000, 0x00007f7f1d4ad800, 0x00007f7f1d4ae800, 0x00007f7f1d1d5800,
0x00007f7f1d1dd800, 0x00007f7f1d1d2800, 0x00007f7f1e4b2800, 0x00007f7f1d4ac800,
0x00007f7efc891800, 0x00007f7f1d418800, 0x00007f7f1d41a000, 0x00007f7f1e55b800,
0x00007f7f1c337000, 0x00007f7f1e560000, 0x00007f7f1e16a000, 0x00007f7f1d417000,
0x00007f7f74009800, 0x00007f7f7400a000, 0x00007f7f7400b000, 0x00007f7f7400d000,
0x00007f7f7400e000, 0x00007f7f7400f800, 0x00007f7f74011000, 0x00007f7f74012000,
0x00007f7f7400e800, 0x00007f7f44011000, 0x00007f7f44012000, 0x00007f7f44013000,
0x00007f7f44014800, 0x00007f7f44016000, 0x00007f7f60004800, 0x00007f7f60005800,
0x00007f7f6001e800, 0x00007f7f6001d800, 0x00007f7f6000e000, 0x00007f7f6000f800,
0x00007f7f60010800, 0x00007f7f3401c000, 0x00007f7f40049800, 0x00007f7f1e168000,
0x00007f7f1ccf5800, 0x00007f7f1ccf6800, 0x00007f7f1d4d5000, 0x00007f7f0c184800,
0x00007f7f0c067000, 0x00007f7f240c1000, 0x00007f7f240cb800, 0x00007f7f24063800,
0x00007f7f240aa800, 0x00007f7f240c0000, 0x00007f7f240eb800, 0x00007f7f240ec800,
0x00007f7f240ad800, 0x00007f7f240ae800, 0x00007f7f24043000, 0x00007f7f24044000,
0x00007f7f24106000, 0x00007f7f24107800, 0x00007f7f24109000, 0x00007f7f2410a800,
0x00007f7f2410c000, 0x00007f7f24150800, 0x00007f7f24152000
}

Java Threads: ( => current thread )
  0x00007f7fa0112800 JavaThread "Reference Handler" daemon [_thread_blocked, id=20318, stack(0x00007f7f844a8000,0x00007f7f845a9000)]
  0x00007f7fa011c800 JavaThread "Finalizer" daemon [_thread_blocked, id=20319, stack(0x00007f7f843a7000,0x00007f7f844a8000)]
  0x00007f7fa0122800 JavaThread "Signal Dispatcher" daemon [_thread_blocked, id=20320, stack(0x00007f7f7c037000,0x00007f7f7c138000)]
  0x00007f7fa0124800 JavaThread "C2 CompilerThread0" daemon [_thread_blocked, id=20321, stack(0x00007f7f6f6ff000,0x00007f7f6f800000)]
  0x00007f7fa0126800 JavaThread "C1 CompilerThread0" daemon [_thread_blocked, id=20322, stack(0x00007f7f6f5fe000,0x00007f7f6f6ff000)]
  0x00007f7fa0128800 JavaThread "Sweeper thread" daemon [_thread_blocked, id=20323, stack(0x00007f7f6f4fd000,0x00007f7f6f5fe000)]
  0x00007f7fa016e000 JavaThread "JDWP Transport Listener: dt_socket" daemon [_thread_blocked, id=20325, stack(0x00007f7f6f1f6000,0x00007f7f6f2f7000)]
  0x00007f7fa0171800 JavaThread "JDWP Event Helper Thread" daemon [_thread_blocked, id=20328, stack(0x00007f7f6f0f5000,0x00007f7f6f1f6000)]
  0x00007f7f44001800 JavaThread "JDWP Command Reader" daemon [_thread_in_native, id=20329, stack(0x00007f7f6eff4000,0x00007f7f6f0f5000)]
  0x00007f7fa0173800 JavaThread "Service Thread" daemon [_thread_blocked, id=20332, stack(0x00007f7f6eef3000,0x00007f7f6eff4000)]
  0x00007f7fa0180800 JavaThread "Common-Cleaner" daemon [_thread_blocked, id=20334, stack(0x00007f7f6ecf0000,0x00007f7f6edf1000)]
  0x00007f7f1db78000 JavaThread "Live Reload Server" daemon [_thread_in_native, id=20356, stack(0x00007f7f12cd5000,0x00007f7f12dd6000)]
  0x00007f7fa0019800 JavaThread "DestroyJavaVM" [_thread_blocked, id=20311, stack(0x00007f7fa7779000,0x00007f7fa787a000)]
  0x00007f7f0c180800 JavaThread "File Watcher" daemon [_thread_blocked, id=20779, stack(0x00007f7f12dd6000,0x00007f7f12ed7000)]
  0x00007f7f0c18c000 JavaThread "File Watcher" daemon [_thread_blocked, id=20799, stack(0x00007f7f6d78e000,0x00007f7f6d88f000)]
  0x00007f7f1410f000 JavaThread "File Watcher" daemon [_thread_blocked, id=21205, stack(0x00007f7f127d4000,0x00007f7f128d5000)]
  0x00007f7f1451c000 JavaThread "File Watcher" daemon [_thread_blocked, id=21236, stack(0x00007f7f11359000,0x00007f7f1145a000)]
  0x00007f7f1e4c3000 JavaThread "File Watcher" daemon [_thread_blocked, id=21408, stack(0x00007f7f1165c000,0x00007f7f1175d000)]
  0x00007f7f1e4bc000 JavaThread "File Watcher" daemon [_thread_blocked, id=21427, stack(0x00007f7f10d53000,0x00007f7f10e54000)]
  0x00007f7f1d4af800 JavaThread "File Watcher" daemon [_thread_blocked, id=21461, stack(0x00007f7f1155b000,0x00007f7f1165c000)]
  0x00007f7f1d4b1000 JavaThread "File Watcher" daemon [_thread_blocked, id=21482, stack(0x00007f7f6c28d000,0x00007f7f6c38e000)]
  0x00007f7f1d4ad800 JavaThread "File Watcher" daemon [_thread_blocked, id=21562, stack(0x00007f7f1175d000,0x00007f7f1185e000)]
  0x00007f7f1d4ae800 JavaThread "File Watcher" daemon [_thread_blocked, id=21645, stack(0x00007f7f13bdb000,0x00007f7f13cdc000)]
  0x00007f7f1d1d5800 JavaThread "File Watcher" daemon [_thread_blocked, id=21687, stack(0x00007f7f11157000,0x00007f7f11258000)]
  0x00007f7f1d1dd800 JavaThread "File Watcher" daemon [_thread_blocked, id=21707, stack(0x00007f7f11056000,0x00007f7f11157000)]
  0x00007f7f1d1d2800 JavaThread "File Watcher" daemon [_thread_blocked, id=21736, stack(0x00007f7f11a0a000,0x00007f7f11b0b000)]
  0x00007f7f1e4b2800 JavaThread "File Watcher" daemon [_thread_blocked, id=21764, stack(0x00007f7f11b0b000,0x00007f7f11c0c000)]
  0x00007f7f1d4ac800 JavaThread "File Watcher" daemon [_thread_blocked, id=21790, stack(0x00007f7f13ada000,0x00007f7f13bdb000)]
  0x00007f7efc891800 JavaThread "File Watcher" daemon [_thread_blocked, id=21998, stack(0x00007f7f1054d000,0x00007f7f1064e000)]
  0x00007f7f1d418800 JavaThread "File Watcher" daemon [_thread_blocked, id=22165, stack(0x00007f7f1024a000,0x00007f7f1034b000)]
  0x00007f7f1d41a000 JavaThread "File Watcher" daemon [_thread_blocked, id=22199, stack(0x00007f7f1200c000,0x00007f7f1210d000)]
  0x00007f7f1e55b800 JavaThread "File Watcher" daemon [_thread_blocked, id=22260, stack(0x00007f7f13cdc000,0x00007f7f13ddd000)]
  0x00007f7f1c337000 JavaThread "File Watcher" daemon [_thread_blocked, id=22281, stack(0x00007f7f10e54000,0x00007f7f10f55000)]
  0x00007f7f1e560000 JavaThread "File Watcher" daemon [_thread_blocked, id=22323, stack(0x00007f7f1145a000,0x00007f7f1155b000)]
  0x00007f7f1e16a000 JavaThread "File Watcher" daemon [_thread_blocked, id=22391, stack(0x00007f7f6e0b7000,0x00007f7f6e1b8000)]
  0x00007f7f1d417000 JavaThread "File Watcher" daemon [_thread_blocked, id=22464, stack(0x00007f7f10048000,0x00007f7f10149000)]
  0x00007f7f74009800 JavaThread "File Watcher" daemon [_thread_blocked, id=22790, stack(0x00007f7f6dfb6000,0x00007f7f6e0b7000)]
  0x00007f7f7400a000 JavaThread "File Watcher" daemon [_thread_blocked, id=22821, stack(0x00007f7f1185e000,0x00007f7f1195f000)]
  0x00007f7f7400b000 JavaThread "File Watcher" daemon [_thread_blocked, id=22848, stack(0x00007f7f10a52000,0x00007f7f10b53000)]
  0x00007f7f7400d000 JavaThread "File Watcher" daemon [_thread_blocked, id=22882, stack(0x00007f7f032f9000,0x00007f7f033fa000)]
  0x00007f7f7400e000 JavaThread "File Watcher" daemon [_thread_blocked, id=22952, stack(0x00007f7f031f8000,0x00007f7f032f9000)]
  0x00007f7f7400f800 JavaThread "File Watcher" daemon [_thread_blocked, id=22986, stack(0x00007f7f1034b000,0x00007f7f1044c000)]
  0x00007f7f74011000 JavaThread "File Watcher" daemon [_thread_blocked, id=23007, stack(0x00007f7f6e7c7000,0x00007f7f6e8c8000)]
  0x00007f7f74012000 JavaThread "File Watcher" daemon [_thread_blocked, id=23076, stack(0x00007f7f10f55000,0x00007f7f11056000)]
  0x00007f7f7400e800 JavaThread "File Watcher" daemon [_thread_blocked, id=23113, stack(0x00007f7f035fc000,0x00007f7f036fd000)]
  0x00007f7f44011000 JavaThread "File Watcher" daemon [_thread_blocked, id=23483, stack(0x00007f7f03aff000,0x00007f7f03c00000)]
  0x00007f7f44012000 JavaThread "File Watcher" daemon [_thread_blocked, id=23511, stack(0x00007f7f033fa000,0x00007f7f034fb000)]
  0x00007f7f44013000 JavaThread "File Watcher" daemon [_thread_blocked, id=23529, stack(0x00007f7f11258000,0x00007f7f11359000)]
  0x00007f7f44014800 JavaThread "File Watcher" daemon [_thread_blocked, id=23548, stack(0x00007f7f02bf4000,0x00007f7f02cf5000)]
  0x00007f7f44016000 JavaThread "File Watcher" daemon [_thread_blocked, id=23571, stack(0x00007f7f02cf5000,0x00007f7f02df6000)]
  0x00007f7f60004800 JavaThread "File Watcher" daemon [_thread_blocked, id=23674, stack(0x00007f7f036fd000,0x00007f7f037fe000)]
  0x00007f7f60005800 JavaThread "File Watcher" daemon [_thread_blocked, id=23697, stack(0x00007f7f037fe000,0x00007f7f038ff000)]
  0x00007f7f6001e800 JavaThread "File Watcher" daemon [_thread_blocked, id=23725, stack(0x00007f7f028f1000,0x00007f7f029f2000)]
  0x00007f7f6001d800 JavaThread "File Watcher" daemon [_thread_blocked, id=23739, stack(0x00007f7f1074f000,0x00007f7f10850000)]
  0x00007f7f6000e000 JavaThread "File Watcher" daemon [_thread_blocked, id=23776, stack(0x00007f7f021ec000,0x00007f7f022ed000)]
  0x00007f7f6000f800 JavaThread "File Watcher" daemon [_thread_blocked, id=23816, stack(0x00007f7f10951000,0x00007f7f10a52000)]
  0x00007f7f60010800 JavaThread "File Watcher" daemon [_thread_blocked, id=23850, stack(0x00007f7f1064e000,0x00007f7f1074f000)]
  0x00007f7f3401c000 JavaThread "File Watcher" daemon [_thread_blocked, id=24091, stack(0x00007f7f023ee000,0x00007f7f024ef000)]
  0x00007f7f40049800 JavaThread "File Watcher" daemon [_thread_blocked, id=24151, stack(0x00007f7f02ef7000,0x00007f7f02ff8000)]
  0x00007f7f1e168000 JavaThread "File Watcher" daemon [_thread_blocked, id=24467, stack(0x00007f7f01fea000,0x00007f7f020eb000)]
  0x00007f7f1ccf5800 JavaThread "File Watcher" daemon [_thread_blocked, id=24494, stack(0x00007f7f01ce9000,0x00007f7f01dea000)]
  0x00007f7f1ccf6800 JavaThread "File Watcher" daemon [_thread_blocked, id=24564, stack(0x00007f7f027f0000,0x00007f7f028f1000)]
  0x00007f7f1d4d5000 JavaThread "File Watcher" daemon [_thread_blocked, id=24612, stack(0x00007f7f1044c000,0x00007f7f1054d000)]
  0x00007f7f0c184800 JavaThread "File Watcher" daemon [_thread_blocked, id=25650, stack(0x00007f7f034fb000,0x00007f7f035fc000)]
  0x00007f7f0c067000 JavaThread "File Watcher" daemon [_thread_blocked, id=25679, stack(0x00007f7f022ed000,0x00007f7f023ee000)]
  0x00007f7f240c1000 JavaThread "HikariPool-102 housekeeper" daemon [_thread_blocked, id=29309, stack(0x00007f7f011e0000,0x00007f7f012e1000)]
  0x00007f7f240cb800 JavaThread "Catalina-utility-1" [_thread_blocked, id=29310, stack(0x00007f7f017e4000,0x00007f7f018e5000)]
  0x00007f7f24063800 JavaThread "Catalina-utility-2" [_thread_blocked, id=29311, stack(0x00007f7f018e5000,0x00007f7f019e6000)]
  0x00007f7f240aa800 JavaThread "container-52" [_thread_blocked, id=29312, stack(0x00007f7f10149000,0x00007f7f1024a000)]
  0x00007f7f240c0000 JavaThread "File Watcher" daemon [_thread_blocked, id=29314, stack(0x00007f7f10850000,0x00007f7f10951000)]
  0x00007f7f240eb800 JavaThread "http-nio-8080-BlockPoller" daemon [_thread_blocked, id=29315, stack(0x00007f7f014e1000,0x00007f7f015e2000)]
  0x00007f7f240ec800 JavaThread "http-nio-8080-exec-1" daemon [_thread_blocked, id=29316, stack(0x00007f7f00cdb000,0x00007f7f00ddc000)]
  0x00007f7f240ad800 JavaThread "http-nio-8080-exec-2" daemon [_thread_blocked, id=29317, stack(0x00007f7f00fde000,0x00007f7f010df000)]
  0x00007f7f240ae800 JavaThread "http-nio-8080-exec-3" daemon [_thread_blocked, id=29318, stack(0x00007f7f026ef000,0x00007f7f027f0000)]
  0x00007f7f24043000 JavaThread "http-nio-8080-exec-4" daemon [_thread_blocked, id=29319, stack(0x00007f7f010df000,0x00007f7f011e0000)]
  0x00007f7f24044000 JavaThread "http-nio-8080-exec-5" daemon [_thread_blocked, id=29320, stack(0x00007f7f029f2000,0x00007f7f02af3000)]
  0x00007f7f24106000 JavaThread "http-nio-8080-exec-6" daemon [_thread_blocked, id=29321, stack(0x00007f7f00edd000,0x00007f7f00fde000)]
  0x00007f7f24107800 JavaThread "http-nio-8080-exec-7" daemon [_thread_blocked, id=29322, stack(0x00007f7f019e6000,0x00007f7f01ae7000)]
  0x00007f7f24109000 JavaThread "http-nio-8080-exec-8" daemon [_thread_blocked, id=29323, stack(0x00007f7f02af3000,0x00007f7f02bf4000)]
  0x00007f7f2410a800 JavaThread "http-nio-8080-exec-9" daemon [_thread_blocked, id=29324, stack(0x00007f7f01ae7000,0x00007f7f01be8000)]
  0x00007f7f2410c000 JavaThread "http-nio-8080-exec-10" daemon [_thread_blocked, id=29325, stack(0x00007f7f02df6000,0x00007f7f02ef7000)]
  0x00007f7f24150800 JavaThread "http-nio-8080-ClientPoller" daemon [_thread_blocked, id=29326, stack(0x00007f7f01be8000,0x00007f7f01ce9000)]
  0x00007f7f24152000 JavaThread "http-nio-8080-Acceptor" daemon [_thread_in_native, id=29327, stack(0x00007f7f020eb000,0x00007f7f021ec000)]

Other Threads:
=>0x00007f7fa0110000 VMThread "VM Thread" [stack: 0x00007f7f845ab000,0x00007f7f846ab000] [id=20317]
  0x00007f7fa0177000 WatcherThread [stack: 0x00007f7f6edf3000,0x00007f7f6eef3000] [id=20333]
  0x00007f7fa0031800 GCTaskThread "GC Thread#0" [stack: 0x00007f7f87dec000,0x00007f7f87eec000] [id=20312]
  0x00007f7f64001000 GCTaskThread "GC Thread#1" [stack: 0x00007f7f6e6c7000,0x00007f7f6e7c7000] [id=20343]
  0x00007f7f64002800 GCTaskThread "GC Thread#2" [stack: 0x00007f7f6e5c5000,0x00007f7f6e6c5000] [id=20344]
  0x00007f7f64005800 GCTaskThread "GC Thread#3" [stack: 0x00007f7f6deb6000,0x00007f7f6dfb6000] [id=20347]
  0x00007f7fa0062800 ConcurrentGCThread "G1 Main Marker" [stack: 0x00007f7f84e93000,0x00007f7f84f93000] [id=20313]
  0x00007f7fa0064800 ConcurrentGCThread "G1 Conc#0" [stack: 0x00007f7f84d91000,0x00007f7f84e91000] [id=20314]
  0x00007f7fa00dc800 ConcurrentGCThread "G1 Refine#0" [stack: 0x00007f7f8488b000,0x00007f7f8498b000] [id=20315]
  0x00007f7fa00de800 ConcurrentGCThread "G1 Young RemSet Sampling" [stack: 0x00007f7f84789000,0x00007f7f84889000] [id=20316]

Threads with active compile tasks:

VM state:at safepoint (normal execution)

VM Mutex/Monitor currently owned by a thread:  ([mutex/lock_event])
[0x00007f7fa00153c0] Threads_lock - owner thread: 0x00007f7fa0110000
[0x00007f7fa0015ba0] Heap_lock - owner thread: 0x00007f7f1ccf5800

Heap address: 0x0000000084e00000, size: 1970 MB, Compressed Oops mode: 32-bit
Narrow klass base: 0x0000000800000000, Narrow klass shift: 3
Compressed class space size: 1073741824 Address: 0x0000000840000000

Heap:
 garbage-first heap   total 215040K, used 27009K [0x0000000084e00000, 0x0000000100000000)
  region size 1024K, 1 young (1024K), 1 survivors (1024K)
 Metaspace       used 79770K, capacity 86589K, committed 87804K, reserved 1124352K
  class space    used 9076K, capacity 12244K, committed 12544K, reserved 1048576K
Heap Regions: E=young(eden), S=young(survivor), O=old, HS=humongous(starts), HC=humongous(continues), CS=collection set, F=free, A=archive, TAMS=top-at-mark-start (previous, next)
|   0|0x0000000084e00000, 0x0000000084f00000, 0x0000000084f00000|100%|HS|  |TAMS 0x0000000084f00000, 0x0000000084e00000| Complete 
|   1|0x0000000084f00000, 0x0000000084ffffe8, 0x0000000085000000| 99%| O|  |TAMS 0x0000000084ffffe8, 0x0000000084f00000| Untracked 
|   2|0x0000000085000000, 0x00000000850fffe8, 0x0000000085100000| 99%| O|  |TAMS 0x00000000850fffe8, 0x0000000085000000| Untracked 
|   3|0x0000000085100000, 0x00000000851fffe8, 0x0000000085200000| 99%| O|  |TAMS 0x00000000851fffe8, 0x0000000085100000| Untracked 
|   4|0x0000000085200000, 0x00000000852e1120, 0x0000000085300000| 87%| O|  |TAMS 0x00000000852e1120, 0x0000000085200000| Untracked 
|   5|0x0000000085300000, 0x00000000853ffff8, 0x0000000085400000| 99%| O|  |TAMS 0x00000000853ffff8, 0x0000000085300000| Untracked 
|   6|0x0000000085400000, 0x00000000854ffff0, 0x0000000085500000| 99%| O|  |TAMS 0x00000000854ffff0, 0x0000000085400000| Untracked 
|   7|0x0000000085500000, 0x00000000855fffe8, 0x0000000085600000| 99%| O|  |TAMS 0x00000000855fffe8, 0x0000000085500000| Untracked 
|   8|0x0000000085600000, 0x0000000085700000, 0x0000000085700000|100%| O|  |TAMS 0x0000000085700000, 0x0000000085600000| Untracked 
|   9|0x0000000085700000, 0x00000000857fffe8, 0x0000000085800000| 99%| O|  |TAMS 0x00000000857fffe8, 0x0000000085700000| Untracked 
|  10|0x0000000085800000, 0x0000000085900000, 0x0000000085900000|100%| O|  |TAMS 0x0000000085900000, 0x0000000085800000| Untracked 
|  11|0x0000000085900000, 0x00000000859ffff0, 0x0000000085a00000| 99%| O|  |TAMS 0x00000000859ffff0, 0x0000000085900000| Untracked 
|  12|0x0000000085a00000, 0x0000000085afffd8, 0x0000000085b00000| 99%| O|  |TAMS 0x0000000085afffd8, 0x0000000085a00000| Untracked 
|  13|0x0000000085b00000, 0x0000000085bfffd8, 0x0000000085c00000| 99%| O|  |TAMS 0x0000000085bfffd8, 0x0000000085b00000| Untracked 
|  14|0x0000000085c00000, 0x0000000085cfffe0, 0x0000000085d00000| 99%| O|  |TAMS 0x0000000085cfffe0, 0x0000000085c00000| Untracked 
|  15|0x0000000085d00000, 0x0000000085e00000, 0x0000000085e00000|100%| O|  |TAMS 0x0000000085e00000, 0x0000000085d00000| Untracked 
|  16|0x0000000085e00000, 0x0000000085efffc8, 0x0000000085f00000| 99%| O|  |TAMS 0x0000000085efffc8, 0x0000000085e00000| Untracked 
|  17|0x0000000085f00000, 0x0000000085fff470, 0x0000000086000000| 99%| O|  |TAMS 0x0000000085fff470, 0x0000000085f00000| Untracked 
|  18|0x0000000086000000, 0x00000000860fff78, 0x0000000086100000| 99%| O|  |TAMS 0x00000000860fff78, 0x0000000086000000| Untracked 
|  19|0x0000000086100000, 0x00000000861ffff8, 0x0000000086200000| 99%| O|  |TAMS 0x00000000861ffff8, 0x0000000086100000| Untracked 
|  20|0x0000000086200000, 0x00000000862fffb8, 0x0000000086300000| 99%| O|  |TAMS 0x00000000862fffb8, 0x0000000086200000| Untracked 
|  21|0x0000000086300000, 0x000000008638f460, 0x0000000086400000| 55%| O|  |TAMS 0x000000008638f460, 0x0000000086300000| Untracked 
|  22|0x0000000086400000, 0x0000000086400000, 0x0000000086500000|  0%| F|  |TAMS 0x0000000086400000, 0x0000000086400000| Untracked 
|  23|0x0000000086500000, 0x000000008655a128, 0x0000000086600000| 35%| O|  |TAMS 0x000000008655a128, 0x0000000086500000| Untracked 
|  24|0x0000000086600000, 0x0000000086700000, 0x0000000086700000|100%| O|  |TAMS 0x0000000086700000, 0x0000000086600000| Untracked 
|  25|0x0000000086700000, 0x0000000086800000, 0x0000000086800000|100%| O|  |TAMS 0x0000000086800000, 0x0000000086700000| Untracked 
|  26|0x0000000086800000, 0x0000000086900000, 0x0000000086900000|100%| O|  |TAMS 0x0000000086900000, 0x0000000086800000| Untracked 
|  27|0x0000000086900000, 0x00000000869d6800, 0x0000000086a00000| 83%| O|  |TAMS 0x00000000869c5e00, 0x0000000086900000| Untracked 
|  28|0x0000000086a00000, 0x0000000086a00000, 0x0000000086b00000|  0%| F|  |TAMS 0x0000000086a00000, 0x0000000086a00000| Untracked 
|  29|0x0000000086b00000, 0x0000000086b00000, 0x0000000086c00000|  0%| F|  |TAMS 0x0000000086b00000, 0x0000000086b00000| Untracked 
|  30|0x0000000086c00000, 0x0000000086c00000, 0x0000000086d00000|  0%| F|  |TAMS 0x0000000086c00000, 0x0000000086c00000| Untracked 
|  31|0x0000000086d00000, 0x0000000086d00000, 0x0000000086e00000|  0%| F|  |TAMS 0x0000000086d00000, 0x0000000086d00000| Untracked 
|  32|0x0000000086e00000, 0x0000000086e00000, 0x0000000086f00000|  0%| F|  |TAMS 0x0000000086e00000, 0x0000000086e00000| Untracked 
|  33|0x0000000086f00000, 0x0000000086f00000, 0x0000000087000000|  0%| F|  |TAMS 0x0000000086f00000, 0x0000000086f00000| Untracked 
|  34|0x0000000087000000, 0x0000000087000000, 0x0000000087100000|  0%| F|  |TAMS 0x0000000087000000, 0x0000000087000000| Untracked 
|  35|0x0000000087100000, 0x0000000087100000, 0x0000000087200000|  0%| F|  |TAMS 0x0000000087100000, 0x0000000087100000| Untracked 
|  36|0x0000000087200000, 0x0000000087200000, 0x0000000087300000|  0%| F|  |TAMS 0x0000000087200000, 0x0000000087200000| Untracked 
|  37|0x0000000087300000, 0x0000000087300000, 0x0000000087400000|  0%| F|  |TAMS 0x0000000087300000, 0x0000000087300000| Untracked 
|  38|0x0000000087400000, 0x0000000087400000, 0x0000000087500000|  0%| F|  |TAMS 0x0000000087400000, 0x0000000087400000| Untracked 
|  39|0x0000000087500000, 0x0000000087500000, 0x0000000087600000|  0%| F|  |TAMS 0x0000000087500000, 0x0000000087500000| Untracked 
|  40|0x0000000087600000, 0x0000000087600000, 0x0000000087700000|  0%| F|  |TAMS 0x0000000087600000, 0x0000000087600000| Untracked 
|  41|0x0000000087700000, 0x0000000087700000, 0x0000000087800000|  0%| F|  |TAMS 0x0000000087700000, 0x0000000087700000| Untracked 
|  42|0x0000000087800000, 0x0000000087800000, 0x0000000087900000|  0%| F|  |TAMS 0x0000000087800000, 0x0000000087800000| Untracked 
|  43|0x0000000087900000, 0x0000000087900000, 0x0000000087a00000|  0%| F|  |TAMS 0x0000000087900000, 0x0000000087900000| Untracked 
|  44|0x0000000087a00000, 0x0000000087a00000, 0x0000000087b00000|  0%| F|  |TAMS 0x0000000087a00000, 0x0000000087a00000| Untracked 
|  45|0x0000000087b00000, 0x0000000087b00000, 0x0000000087c00000|  0%| F|  |TAMS 0x0000000087b00000, 0x0000000087b00000| Untracked 
|  46|0x0000000087c00000, 0x0000000087c00000, 0x0000000087d00000|  0%| F|  |TAMS 0x0000000087c00000, 0x0000000087c00000| Untracked 
|  47|0x0000000087d00000, 0x0000000087d00000, 0x0000000087e00000|  0%| F|  |TAMS 0x0000000087d00000, 0x0000000087d00000| Untracked 
|  48|0x0000000087e00000, 0x0000000087e00000, 0x0000000087f00000|  0%| F|  |TAMS 0x0000000087e00000, 0x0000000087e00000| Untracked 
|  49|0x0000000087f00000, 0x0000000087f00000, 0x0000000088000000|  0%| F|  |TAMS 0x0000000087f00000, 0x0000000087f00000| Untracked 
|  50|0x0000000088000000, 0x0000000088000000, 0x0000000088100000|  0%| F|  |TAMS 0x0000000088000000, 0x0000000088000000| Untracked 
|  51|0x0000000088100000, 0x0000000088100000, 0x0000000088200000|  0%| F|  |TAMS 0x0000000088100000, 0x0000000088100000| Untracked 
|  52|0x0000000088200000, 0x0000000088200000, 0x0000000088300000|  0%| F|  |TAMS 0x0000000088200000, 0x0000000088200000| Untracked 
|  53|0x0000000088300000, 0x0000000088300000, 0x0000000088400000|  0%| F|  |TAMS 0x0000000088300000, 0x0000000088300000| Untracked 
|  54|0x0000000088400000, 0x0000000088400000, 0x0000000088500000|  0%| F|  |TAMS 0x0000000088400000, 0x0000000088400000| Untracked 
|  55|0x0000000088500000, 0x0000000088500000, 0x0000000088600000|  0%| F|  |TAMS 0x0000000088500000, 0x0000000088500000| Untracked 
|  56|0x0000000088600000, 0x0000000088600000, 0x0000000088700000|  0%| F|  |TAMS 0x0000000088600000, 0x0000000088600000| Untracked 
|  57|0x0000000088700000, 0x0000000088700000, 0x0000000088800000|  0%| F|  |TAMS 0x0000000088700000, 0x0000000088700000| Untracked 
|  58|0x0000000088800000, 0x0000000088800000, 0x0000000088900000|  0%| F|  |TAMS 0x0000000088800000, 0x0000000088800000| Untracked 
|  59|0x0000000088900000, 0x0000000088900000, 0x0000000088a00000|  0%| F|  |TAMS 0x0000000088900000, 0x0000000088900000| Untracked 
|  60|0x0000000088a00000, 0x0000000088a00000, 0x0000000088b00000|  0%| F|  |TAMS 0x0000000088a00000, 0x0000000088a00000| Untracked 
|  61|0x0000000088b00000, 0x0000000088b00000, 0x0000000088c00000|  0%| F|  |TAMS 0x0000000088b00000, 0x0000000088b00000| Untracked 
|  62|0x0000000088c00000, 0x0000000088c00000, 0x0000000088d00000|  0%| F|  |TAMS 0x0000000088c00000, 0x0000000088c00000| Untracked 
|  63|0x0000000088d00000, 0x0000000088d00000, 0x0000000088e00000|  0%| F|  |TAMS 0x0000000088d00000, 0x0000000088d00000| Untracked 
|  64|0x0000000088e00000, 0x0000000088e00000, 0x0000000088f00000|  0%| F|  |TAMS 0x0000000088e00000, 0x0000000088e00000| Untracked 
|  65|0x0000000088f00000, 0x0000000088f00000, 0x0000000089000000|  0%| F|  |TAMS 0x0000000088f00000, 0x0000000088f00000| Untracked 
|  66|0x0000000089000000, 0x0000000089000000, 0x0000000089100000|  0%| F|  |TAMS 0x0000000089000000, 0x0000000089000000| Untracked 
|  67|0x0000000089100000, 0x0000000089100000, 0x0000000089200000|  0%| F|  |TAMS 0x0000000089100000, 0x0000000089100000| Untracked 
|  68|0x0000000089200000, 0x0000000089200000, 0x0000000089300000|  0%| F|  |TAMS 0x0000000089200000, 0x0000000089200000| Untracked 
|  69|0x0000000089300000, 0x0000000089300000, 0x0000000089400000|  0%| F|  |TAMS 0x0000000089300000, 0x0000000089300000| Untracked 
|  70|0x0000000089400000, 0x0000000089400000, 0x0000000089500000|  0%| F|  |TAMS 0x0000000089400000, 0x0000000089400000| Untracked 
|  71|0x0000000089500000, 0x0000000089500000, 0x0000000089600000|  0%| F|  |TAMS 0x0000000089500000, 0x0000000089500000| Untracked 
|  72|0x0000000089600000, 0x0000000089600000, 0x0000000089700000|  0%| F|  |TAMS 0x0000000089600000, 0x0000000089600000| Untracked 
|  73|0x0000000089700000, 0x0000000089700000, 0x0000000089800000|  0%| F|  |TAMS 0x0000000089700000, 0x0000000089700000| Untracked 
|  74|0x0000000089800000, 0x0000000089800000, 0x0000000089900000|  0%| F|  |TAMS 0x0000000089800000, 0x0000000089800000| Untracked 
|  75|0x0000000089900000, 0x0000000089900000, 0x0000000089a00000|  0%| F|  |TAMS 0x0000000089900000, 0x0000000089900000| Untracked 
|  76|0x0000000089a00000, 0x0000000089a00000, 0x0000000089b00000|  0%| F|  |TAMS 0x0000000089a00000, 0x0000000089a00000| Untracked 
|  77|0x0000000089b00000, 0x0000000089b00000, 0x0000000089c00000|  0%| F|  |TAMS 0x0000000089b00000, 0x0000000089b00000| Untracked 
|  78|0x0000000089c00000, 0x0000000089c00000, 0x0000000089d00000|  0%| F|  |TAMS 0x0000000089c00000, 0x0000000089c00000| Untracked 
|  79|0x0000000089d00000, 0x0000000089d00000, 0x0000000089e00000|  0%| F|  |TAMS 0x0000000089d00000, 0x0000000089d00000| Untracked 
|  80|0x0000000089e00000, 0x0000000089e00000, 0x0000000089f00000|  0%| F|  |TAMS 0x0000000089e00000, 0x0000000089e00000| Untracked 
|  81|0x0000000089f00000, 0x0000000089f00000, 0x000000008a000000|  0%| F|  |TAMS 0x0000000089f00000, 0x0000000089f00000| Untracked 
|  82|0x000000008a000000, 0x000000008a000000, 0x000000008a100000|  0%| F|  |TAMS 0x000000008a000000, 0x000000008a000000| Untracked 
|  83|0x000000008a100000, 0x000000008a100000, 0x000000008a200000|  0%| F|  |TAMS 0x000000008a100000, 0x000000008a100000| Untracked 
|  84|0x000000008a200000, 0x000000008a200000, 0x000000008a300000|  0%| F|  |TAMS 0x000000008a200000, 0x000000008a200000| Untracked 
|  85|0x000000008a300000, 0x000000008a300000, 0x000000008a400000|  0%| F|  |TAMS 0x000000008a300000, 0x000000008a300000| Untracked 
|  86|0x000000008a400000, 0x000000008a400000, 0x000000008a500000|  0%| F|  |TAMS 0x000000008a400000, 0x000000008a400000| Untracked 
|  87|0x000000008a500000, 0x000000008a500000, 0x000000008a600000|  0%| F|  |TAMS 0x000000008a500000, 0x000000008a500000| Untracked 
|  88|0x000000008a600000, 0x000000008a600000, 0x000000008a700000|  0%| F|  |TAMS 0x000000008a600000, 0x000000008a600000| Untracked 
|  89|0x000000008a700000, 0x000000008a700000, 0x000000008a800000|  0%| F|  |TAMS 0x000000008a700000, 0x000000008a700000| Untracked 
|  90|0x000000008a800000, 0x000000008a800000, 0x000000008a900000|  0%| F|  |TAMS 0x000000008a800000, 0x000000008a800000| Untracked 
|  91|0x000000008a900000, 0x000000008a900000, 0x000000008aa00000|  0%| F|  |TAMS 0x000000008a900000, 0x000000008a900000| Untracked 
|  92|0x000000008aa00000, 0x000000008aa00000, 0x000000008ab00000|  0%| F|  |TAMS 0x000000008aa00000, 0x000000008aa00000| Untracked 
|  93|0x000000008ab00000, 0x000000008ab00000, 0x000000008ac00000|  0%| F|  |TAMS 0x000000008ab00000, 0x000000008ab00000| Untracked 
|  94|0x000000008ac00000, 0x000000008ac00000, 0x000000008ad00000|  0%| F|  |TAMS 0x000000008ac00000, 0x000000008ac00000| Untracked 
|  95|0x000000008ad00000, 0x000000008ad00000, 0x000000008ae00000|  0%| F|  |TAMS 0x000000008ad00000, 0x000000008ad00000| Untracked 
|  96|0x000000008ae00000, 0x000000008ae00000, 0x000000008af00000|  0%| F|  |TAMS 0x000000008ae00000, 0x000000008ae00000| Untracked 
|  97|0x000000008af00000, 0x000000008af0f358, 0x000000008b000000|  5%| S|CS|TAMS 0x000000008af00000, 0x000000008af00000| Complete 
|  98|0x000000008b000000, 0x000000008b000000, 0x000000008b100000|  0%| F|  |TAMS 0x000000008b000000, 0x000000008b000000| Untracked 
|  99|0x000000008b100000, 0x000000008b100000, 0x000000008b200000|  0%| F|  |TAMS 0x000000008b100000, 0x000000008b100000| Untracked 
| 100|0x000000008b200000, 0x000000008b200000, 0x000000008b300000|  0%| F|  |TAMS 0x000000008b200000, 0x000000008b200000| Untracked 
| 101|0x000000008b300000, 0x000000008b300000, 0x000000008b400000|  0%| F|  |TAMS 0x000000008b300000, 0x000000008b300000| Untracked 
| 102|0x000000008b400000, 0x000000008b400000, 0x000000008b500000|  0%| F|  |TAMS 0x000000008b400000, 0x000000008b400000| Untracked 
|1968|0x00000000ffe00000, 0x00000000ffe47000, 0x00000000fff00000| 27%|OA|  |TAMS 0x00000000ffe47000, 0x00000000ffe00000| Untracked 
|1969|0x00000000fff00000, 0x00000000fff6a000, 0x0000000100000000| 41%|CA|  |TAMS 0x00000000fff6a000, 0x00000000fff00000| Untracked 

Card table byte_map: [0x00007f7f87234000,0x00007f7f8760d000] _byte_map_base: 0x00007f7f86e0d000

Marking Bits (Prev, Next): (CMBitMap*) 0x00007f7fa005a1f0, (CMBitMap*) 0x00007f7fa005a1b8
 Prev Bits: [0x00007f7f7e138000, 0x00007f7f80000000)
 Next Bits: [0x00007f7f84f93000, 0x00007f7f86e5b000)

Polling page: 0x00007f7fa78a3000

Metaspace:

Usage:
  Non-class:     72.60 MB capacity,    69.04 MB ( 95%) used,     3.28 MB (  5%) free+waste,   295.38 KB ( <1%) overhead. 
      Class:     11.96 MB capacity,     8.86 MB ( 74%) used,     2.96 MB ( 25%) free+waste,   139.56 KB (  1%) overhead. 
       Both:     84.56 MB capacity,    77.90 MB ( 92%) used,     6.23 MB (  7%) free+waste,   434.94 KB ( <1%) overhead. 

Virtual space:
  Non-class space:       74.00 MB reserved,      73.50 MB (>99%) committed 
      Class space:        1.00 GB reserved,      12.25 MB (  1%) committed 
             Both:        1.07 GB reserved,      85.75 MB (  8%) committed 

Chunk freelists:
   Non-Class:  871.00 KB
       Class:  204.00 KB
        Both:  1.05 MB

MaxMetaspaceSize: unlimited
CompressedClassSpaceSize: 1.00 GB

CodeHeap 'non-profiled nmethods': size=120032Kb used=15149Kb max_used=15149Kb free=104882Kb
 bounds [0x00007f7f8fb8a000, 0x00007f7f90a5a000, 0x00007f7f970c2000]
CodeHeap 'profiled nmethods': size=120032Kb used=29923Kb max_used=30147Kb free=90108Kb
 bounds [0x00007f7f88652000, 0x00007f7f8a452000, 0x00007f7f8fb8a000]
CodeHeap 'non-nmethods': size=5696Kb used=1286Kb max_used=1396Kb free=4409Kb
 bounds [0x00007f7f880c2000, 0x00007f7f88332000, 0x00007f7f88652000]
 total_blobs=14165 nmethods=13572 adapters=512
 compilation: enabled
              stopped_count=0, restarted_count=0
 full_count=0

Compilation events (20 events):
Event: 10940.213 Thread 0x00007f7fa0126800 19212   !   3       org.apache.catalina.core.StandardServer::startPeriodicLifecycleEvent (111 bytes)
Event: 10940.226 Thread 0x00007f7fa0126800 nmethod 19212 0x00007f7f88871910 code [0x00007f7f88871b80, 0x00007f7f888725b0]
Event: 11001.090 Thread 0x00007f7fa0126800 19213       3       org.apache.catalina.session.ManagerBase::findSessions (22 bytes)
Event: 11001.116 Thread 0x00007f7fa0126800 nmethod 19213 0x00007f7f886af410 code [0x00007f7f886af5e0, 0x00007f7f886afa70]
Event: 11380.520 Thread 0x00007f7fa0126800 19214       3       com.zaxxer.hikari.pool.HikariPool::softEvictConnection (29 bytes)
Event: 11380.550 Thread 0x00007f7fa0126800 nmethod 19214 0x00007f7f889b6d90 code [0x00007f7f889b7020, 0x00007f7f889b7bd0]
Event: 11380.551 Thread 0x00007f7fa0126800 19215       3       com.zaxxer.hikari.pool.PoolEntry::markEvicted (6 bytes)
Event: 11380.552 Thread 0x00007f7fa0126800 nmethod 19215 0x00007f7f886aef90 code [0x00007f7f886af140, 0x00007f7f886af270]
Event: 11380.552 Thread 0x00007f7fa0126800 19216       3       com.zaxxer.hikari.util.ConcurrentBag::reserve (10 bytes)
Event: 11380.552 Thread 0x00007f7fa0126800 nmethod 19216 0x00007f7f88840910 code [0x00007f7f88840b00, 0x00007f7f88840ec0]
Event: 11641.909 Thread 0x00007f7fa0126800 19217 % !   3       java.util.concurrent.ThreadPoolExecutor::runWorker @ 21 (187 bytes)
Event: 11642.311 Thread 0x00007f7fa0126800 nmethod 19217% 0x00007f7f88ab9f10 code [0x00007f7f88aba260, 0x00007f7f88abb8d0]
Event: 11673.598 Thread 0x00007f7fa0124800 19218   !   4       org.apache.catalina.core.ContainerBase::backgroundProcess (168 bytes)
Event: 11674.863 Thread 0x00007f7fa0124800 nmethod 19218 0x00007f7f909e7e90 code [0x00007f7f909e80c0, 0x00007f7f909e8990]
Event: 11750.208 Thread 0x00007f7fa0124800 19219       4       java.util.concurrent.ScheduledThreadPoolExecutor$ScheduledFutureTask::run (57 bytes)
Event: 11751.016 Thread 0x00007f7fa0124800 nmethod 19219 0x00007f7f90a54510 code [0x00007f7f90a54720, 0x00007f7f90a54ea0]
Event: 12016.021 Thread 0x00007f7fa0124800 19221       4       java.util.concurrent.locks.AbstractQueuedSynchronizer$ConditionObject::awaitNanos (181 bytes)
Event: 12037.682 Thread 0x00007f7fa0124800 nmethod 19221 0x00007f7f90a55590 code [0x00007f7f90a55800, 0x00007f7f90a57870]
Event: 12488.131 Thread 0x00007f7fa0126800 19222   !   3       java.util.concurrent.ScheduledThreadPoolExecutor$DelayedWorkQueue::offer (123 bytes)
Event: 12507.825 Thread 0x00007f7fa0126800 nmethod 19222 0x00007f7f89792610 code [0x00007f7f89792960, 0x00007f7f89794010]

GC Heap History (20 events):
Event: 12767.298 GC heap after
{Heap after GC invocations=614 (full 49):
 garbage-first heap   total 89088K, used 27000K [0x0000000084e00000, 0x0000000100000000)
  region size 1024K, 1 young (1024K), 1 survivors (1024K)
 Metaspace       used 79770K, capacity 86589K, committed 87804K, reserved 1124352K
  class space    used 9076K, capacity 12244K, committed 12544K, reserved 1048576K
}
Event: 12772.115 GC heap before
{Heap before GC invocations=614 (full 49):
 garbage-first heap   total 89088K, used 30072K [0x0000000084e00000, 0x0000000100000000)
  region size 1024K, 4 young (4096K), 1 survivors (1024K)
 Metaspace       used 79770K, capacity 86589K, committed 87804K, reserved 1124352K
  class space    used 9076K, capacity 12244K, committed 12544K, reserved 1048576K
}
Event: 12772.894 GC heap after
{Heap after GC invocations=615 (full 49):
 garbage-first heap   total 89088K, used 27031K [0x0000000084e00000, 0x0000000100000000)
  region size 1024K, 1 young (1024K), 1 survivors (1024K)
 Metaspace       used 79770K, capacity 86589K, committed 87804K, reserved 1124352K
  class space    used 9076K, capacity 12244K, committed 12544K, reserved 1048576K
}
Event: 12777.803 GC heap before
{Heap before GC invocations=615 (full 49):
 garbage-first heap   total 89088K, used 30103K [0x0000000084e00000, 0x0000000100000000)
  region size 1024K, 4 young (4096K), 1 survivors (1024K)
 Metaspace       used 79770K, capacity 86589K, committed 87804K, reserved 1124352K
  class space    used 9076K, capacity 12244K, committed 12544K, reserved 1048576K
}
Event: 12778.563 GC heap after
{Heap after GC invocations=616 (full 49):
 garbage-first heap   total 89088K, used 27081K [0x0000000084e00000, 0x0000000100000000)
  region size 1024K, 1 young (1024K), 1 survivors (1024K)
 Metaspace       used 79770K, capacity 86589K, committed 87804K, reserved 1124352K
  class space    used 9076K, capacity 12244K, committed 12544K, reserved 1048576K
}
Event: 12783.819 GC heap before
{Heap before GC invocations=616 (full 49):
 garbage-first heap   total 89088K, used 30153K [0x0000000084e00000, 0x0000000100000000)
  region size 1024K, 4 young (4096K), 1 survivors (1024K)
 Metaspace       used 79770K, capacity 86589K, committed 87804K, reserved 1124352K
  class space    used 9076K, capacity 12244K, committed 12544K, reserved 1048576K
}
Event: 12785.129 GC heap after
{Heap after GC invocations=617 (full 49):
 garbage-first heap   total 89088K, used 27073K [0x0000000084e00000, 0x0000000100000000)
  region size 1024K, 1 young (1024K), 1 survivors (1024K)
 Metaspace       used 79770K, capacity 86589K, committed 87804K, reserved 1124352K
  class space    used 9076K, capacity 12244K, committed 12544K, reserved 1048576K
}
Event: 12790.375 GC heap before
{Heap before GC invocations=617 (full 49):
 garbage-first heap   total 89088K, used 30145K [0x0000000084e00000, 0x0000000100000000)
  region size 1024K, 4 young (4096K), 1 survivors (1024K)
 Metaspace       used 79770K, capacity 86589K, committed 87804K, reserved 1124352K
  class space    used 9076K, capacity 12244K, committed 12544K, reserved 1048576K
}
Event: 12791.738 GC heap after
{Heap after GC invocations=618 (full 49):
 garbage-first heap   total 89088K, used 27085K [0x0000000084e00000, 0x0000000100000000)
  region size 1024K, 1 young (1024K), 1 survivors (1024K)
 Metaspace       used 79770K, capacity 86589K, committed 87804K, reserved 1124352K
  class space    used 9076K, capacity 12244K, committed 12544K, reserved 1048576K
}
Event: 12797.198 GC heap before
{Heap before GC invocations=618 (full 49):
 garbage-first heap   total 89088K, used 30157K [0x0000000084e00000, 0x0000000100000000)
  region size 1024K, 4 young (4096K), 1 survivors (1024K)
 Metaspace       used 79770K, capacity 86589K, committed 87804K, reserved 1124352K
  class space    used 9076K, capacity 12244K, committed 12544K, reserved 1048576K
}
Event: 12798.760 GC heap after
{Heap after GC invocations=619 (full 49):
 garbage-first heap   total 89088K, used 26995K [0x0000000084e00000, 0x0000000100000000)
  region size 1024K, 1 young (1024K), 1 survivors (1024K)
 Metaspace       used 79770K, capacity 86589K, committed 87804K, reserved 1124352K
  class space    used 9076K, capacity 12244K, committed 12544K, reserved 1048576K
}
Event: 12804.033 GC heap before
{Heap before GC invocations=619 (full 49):
 garbage-first heap   total 89088K, used 30067K [0x0000000084e00000, 0x0000000100000000)
  region size 1024K, 4 young (4096K), 1 survivors (1024K)
 Metaspace       used 79770K, capacity 86589K, committed 87804K, reserved 1124352K
  class space    used 9076K, capacity 12244K, committed 12544K, reserved 1048576K
}
Event: 12806.241 GC heap after
{Heap after GC invocations=620 (full 49):
 garbage-first heap   total 107520K, used 27023K [0x0000000084e00000, 0x0000000100000000)
  region size 1024K, 1 young (1024K), 1 survivors (1024K)
 Metaspace       used 79770K, capacity 86589K, committed 87804K, reserved 1124352K
  class space    used 9076K, capacity 12244K, committed 12544K, reserved 1048576K
}
Event: 12813.081 GC heap before
{Heap before GC invocations=620 (full 49):
 garbage-first heap   total 107520K, used 31119K [0x0000000084e00000, 0x0000000100000000)
  region size 1024K, 5 young (5120K), 1 survivors (1024K)
 Metaspace       used 79770K, capacity 86589K, committed 87804K, reserved 1124352K
  class space    used 9076K, capacity 12244K, committed 12544K, reserved 1048576K
}
Event: 12816.813 GC heap after
{Heap after GC invocations=621 (full 49):
 garbage-first heap   total 107520K, used 27069K [0x0000000084e00000, 0x0000000100000000)
  region size 1024K, 1 young (1024K), 1 survivors (1024K)
 Metaspace       used 79770K, capacity 86589K, committed 87804K, reserved 1124352K
  class space    used 9076K, capacity 12244K, committed 12544K, reserved 1048576K
}
Event: 12824.564 GC heap before
{Heap before GC invocations=621 (full 49):
 garbage-first heap   total 107520K, used 31165K [0x0000000084e00000, 0x0000000100000000)
  region size 1024K, 5 young (5120K), 1 survivors (1024K)
 Metaspace       used 79770K, capacity 86589K, committed 87804K, reserved 1124352K
  class space    used 9076K, capacity 12244K, committed 12544K, reserved 1048576K
}
Event: 12826.941 GC heap after
{Heap after GC invocations=622 (full 49):
 garbage-first heap   total 107520K, used 26992K [0x0000000084e00000, 0x0000000100000000)
  region size 1024K, 1 young (1024K), 1 survivors (1024K)
 Metaspace       used 79770K, capacity 86589K, committed 87804K, reserved 1124352K
  class space    used 9076K, capacity 12244K, committed 12544K, reserved 1048576K
}
Event: 12833.605 GC heap before
{Heap before GC invocations=622 (full 49):
 garbage-first heap   total 107520K, used 31088K [0x0000000084e00000, 0x0000000100000000)
  region size 1024K, 5 young (5120K), 1 survivors (1024K)
 Metaspace       used 79770K, capacity 86589K, committed 87804K, reserved 1124352K
  class space    used 9076K, capacity 12244K, committed 12544K, reserved 1048576K
}
Event: 12835.859 GC heap after
{Heap after GC invocations=623 (full 49):
 garbage-first heap   total 107520K, used 27065K [0x0000000084e00000, 0x0000000100000000)
  region size 1024K, 1 young (1024K), 1 survivors (1024K)
 Metaspace       used 79770K, capacity 86589K, committed 87804K, reserved 1124352K
  class space    used 9076K, capacity 12244K, committed 12544K, reserved 1048576K
}
Event: 12843.141 GC heap before
{Heap before GC invocations=623 (full 49):
 garbage-first heap   total 107520K, used 31161K [0x0000000084e00000, 0x0000000100000000)
  region size 1024K, 5 young (5120K), 1 survivors (1024K)
 Metaspace       used 79770K, capacity 86589K, committed 87804K, reserved 1124352K
  class space    used 9076K, capacity 12244K, committed 12544K, reserved 1048576K
}

Deoptimization events (20 events):
Event: 8650.453 Thread 0x00007f7f0c184800 DEOPT PACKING pc=0x00007f7f898a58a0 sp=0x00007f7f035fa980
Event: 8650.453 Thread 0x00007f7f0c184800 DEOPT UNPACKING pc=0x00007f7f880f8dba sp=0x00007f7f035f9e70 mode 0
Event: 9229.631 Thread 0x00007f7f1ccf6800 DEOPT PACKING pc=0x00007f7f89a80aef sp=0x00007f7f028ef980
Event: 9229.631 Thread 0x00007f7f1ccf6800 DEOPT UNPACKING pc=0x00007f7f880f8dba sp=0x00007f7f028eee70 mode 0
Event: 9853.775 Thread 0x00007f7f6000e000 DEOPT PACKING pc=0x00007f7f89a80aef sp=0x00007f7f022eb980
Event: 9853.780 Thread 0x00007f7f6000e000 DEOPT UNPACKING pc=0x00007f7f880f8dba sp=0x00007f7f022eae70 mode 0
Event: 10552.570 Thread 0x00007f7f1c337000 DEOPT PACKING pc=0x00007f7f89a80aef sp=0x00007f7f10f53980
Event: 10552.585 Thread 0x00007f7f1c337000 DEOPT UNPACKING pc=0x00007f7f880f8dba sp=0x00007f7f10f52e70 mode 0
Event: 11373.959 Thread 0x00007f7f74009800 DEOPT PACKING pc=0x00007f7f89a80aef sp=0x00007f7f6e0b5980
Event: 11373.963 Thread 0x00007f7f74009800 DEOPT UNPACKING pc=0x00007f7f880f8dba sp=0x00007f7f6e0b4e70 mode 0
Event: 12260.320 Thread 0x00007f7f240cb800 Uncommon trap: trap_request=0xffffff4d fr.pc=0x00007f7f9095c630 relative=0x00000000000010d0
Event: 12260.338 Thread 0x00007f7f240cb800 Uncommon trap: reason=unstable_if action=reinterpret pc=0x00007f7f9095c630 method=java.util.concurrent.locks.LockSupport.unpark(Ljava/lang/Thread;)V @ 1 c2
Event: 12260.342 Thread 0x00007f7f240cb800 DEOPT PACKING pc=0x00007f7f9095c630 sp=0x00007f7f018e3630
Event: 12260.397 Thread 0x00007f7f240cb800 DEOPT UNPACKING pc=0x00007f7f880f8fa5 sp=0x00007f7f018e34a0 mode 2
Event: 12487.766 Thread 0x00007f7f24063800 Uncommon trap: trap_request=0xffffff4d fr.pc=0x00007f7f8fe0fc14 relative=0x0000000000000294
Event: 12488.403 Thread 0x00007f7f24063800 Uncommon trap: reason=unstable_if action=reinterpret pc=0x00007f7f8fe0fc14 method=java.util.concurrent.locks.ReentrantLock$Sync.nonfairTryAcquire(I)Z @ 19 c2
Event: 12488.936 Thread 0x00007f7f24063800 DEOPT PACKING pc=0x00007f7f8fe0fc14 sp=0x00007f7f019e4600
Event: 12489.244 Thread 0x00007f7f24063800 DEOPT UNPACKING pc=0x00007f7f880f8fa5 sp=0x00007f7f019e4490 mode 2
Event: 12517.404 Thread 0x00007f7f1d417000 DEOPT PACKING pc=0x00007f7f89a80aef sp=0x00007f7f10147980
Event: 12517.547 Thread 0x00007f7f1d417000 DEOPT UNPACKING pc=0x00007f7f880f8dba sp=0x00007f7f10146e70 mode 0

Classes redefined (0 events):
No events

Internal exceptions (20 events):
Event: 6015.430 Thread 0x00007f7f4006a800 Exception <a 'java/lang/ClassNotFoundException'{0x0000000087ca8568}: org/springframework/security/config/annotation/SecurityConfigurerCustomizer> (0x0000000087ca8568) thrown at [./src/hotspot/share/classfile/systemDictionary.cpp, line 231]
Event: 6015.622 Thread 0x00007f7f4006a800 Exception <a 'java/lang/ClassNotFoundException'{0x00000000879b1078}: java/lang/ObjectCustomizer> (0x00000000879b1078) thrown at [./src/hotspot/share/classfile/systemDictionary.cpp, line 231]
Event: 6015.623 Thread 0x00007f7f4006a800 Exception <a 'java/lang/ClassNotFoundException'{0x00000000879c08e8}: com/example/demo/Models/StudentCustomizer> (0x00000000879c08e8) thrown at [./src/hotspot/share/classfile/systemDictionary.cpp, line 231]
Event: 6018.497 Thread 0x00007f7f441d3800 Exception <a 'java/lang/InterruptedException'{0x00000000894aec28}: sleep interrupted> (0x00000000894aec28) thrown at [./src/hotspot/share/prims/jvm.cpp, line 3107]
Event: 6019.134 Thread 0x00007f7f200cf800 Exception <a 'java/io/FileNotFoundException'{0x000000008a11c768}> (0x000000008a11c768) thrown at [./src/hotspot/share/prims/jni.cpp, line 615]
Event: 6019.182 Thread 0x00007f7f200cf800 Exception <a 'java/lang/NoClassDefFoundError'{0x0000000089fddb78}: javax/validation/ValidationException> (0x0000000089fddb78) thrown at [./src/hotspot/share/classfile/systemDictionary.cpp, line 220]
Event: 6019.959 Thread 0x00007f7f200cf800 Exception <a 'java/io/FileNotFoundException'{0x00000000888860c0}> (0x00000000888860c0) thrown at [./src/hotspot/share/prims/jni.cpp, line 615]
Event: 6020.062 Thread 0x00007f7f200cf800 Exception <a 'java/io/FileNotFoundException'{0x00000000881831f0}> (0x00000000881831f0) thrown at [./src/hotspot/share/prims/jni.cpp, line 615]
Event: 6020.417 Thread 0x00007f7f200cf800 Exception <a 'java/lang/ClassNotFoundException'{0x0000000087cf1ce0}: java/lang/ObjectCustomizer> (0x0000000087cf1ce0) thrown at [./src/hotspot/share/classfile/systemDictionary.cpp, line 231]
Event: 6020.420 Thread 0x00007f7f200cf800 Exception <a 'java/lang/ClassNotFoundException'{0x0000000087b076d8}: org/springframework/security/config/annotation/web/configuration/WebSecurityConfigurerAdapterCustomizer> (0x0000000087b076d8) thrown at [./src/hotspot/share/classfile/systemDictionary.cpp, line 231]
Event: 6020.421 Thread 0x00007f7f200cf800 Exception <a 'java/lang/ClassNotFoundException'{0x0000000087b1e2b8}: com/example/demo/configuration/SecurityConfigurationCustomizer> (0x0000000087b1e2b8) thrown at [./src/hotspot/share/classfile/systemDictionary.cpp, line 231]
Event: 6020.423 Thread 0x00007f7f200cf800 Exception <a 'java/lang/ClassNotFoundException'{0x0000000087b33770}: com/example/demo/configuration/SecurityConfiguration$$EnhancerBySpringCGLIB$$6c92a301Customizer> (0x0000000087b33770) thrown at [./src/hotspot/share/classfile/systemDictionary.cpp, line 231]
Event: 6020.429 Thread 0x00007f7f200cf800 Exception <a 'java/lang/ClassNotFoundException'{0x0000000087b52880}: org/springframework/context/annotation/ConfigurationClassEnhancer$EnhancedConfigurationCustomizer> (0x0000000087b52880) thrown at [./src/hotspot/share/classfile/systemDictionary.cpp, line 231]
Event: 6020.430 Thread 0x00007f7f200cf800 Exception <a 'java/lang/ClassNotFoundException'{0x0000000087b60390}: org/springframework/beans/factory/BeanFactoryAwareCustomizer> (0x0000000087b60390) thrown at [./src/hotspot/share/classfile/systemDictionary.cpp, line 231]
Event: 6020.430 Thread 0x00007f7f200cf800 Exception <a 'java/lang/ClassNotFoundException'{0x0000000087b6dd00}: org/springframework/beans/factory/AwareCustomizer> (0x0000000087b6dd00) thrown at [./src/hotspot/share/classfile/systemDictionary.cpp, line 231]
Event: 6020.431 Thread 0x00007f7f200cf800 Exception <a 'java/lang/ClassNotFoundException'{0x0000000087b7dcb8}: org/springframework/security/config/annotation/web/WebSecurityConfigurerCustomizer> (0x0000000087b7dcb8) thrown at [./src/hotspot/share/classfile/systemDictionary.cpp, line 231]
Event: 6020.432 Thread 0x00007f7f200cf800 Exception <a 'java/lang/ClassNotFoundException'{0x0000000087b8d400}: org/springframework/security/config/annotation/SecurityConfigurerCustomizer> (0x0000000087b8d400) thrown at [./src/hotspot/share/classfile/systemDictionary.cpp, line 231]
Event: 6020.643 Thread 0x00007f7f200cf800 Exception <a 'java/lang/ClassNotFoundException'{0x000000008a15d3a8}: java/lang/ObjectCustomizer> (0x000000008a15d3a8) thrown at [./src/hotspot/share/classfile/systemDictionary.cpp, line 231]
Event: 6020.645 Thread 0x00007f7f200cf800 Exception <a 'java/lang/ClassNotFoundException'{0x000000008a16cc18}: com/example/demo/Models/StudentCustomizer> (0x000000008a16cc18) thrown at [./src/hotspot/share/classfile/systemDictionary.cpp, line 231]
Event: 7260.194 Thread 0x00007f7f24063800 Implicit null exception at 0x00007f7f9038aed0 to 0x00007f7f9039745c

Events (20 events):
Event: 12767.325 Executing VM operation: G1CollectForAllocation done
Event: 12771.746 Executing VM operation: G1CollectForAllocation
Event: 12773.086 Executing VM operation: G1CollectForAllocation done
Event: 12777.643 Executing VM operation: G1CollectForAllocation
Event: 12778.983 Executing VM operation: G1CollectForAllocation done
Event: 12783.481 Executing VM operation: G1CollectForAllocation
Event: 12785.655 Executing VM operation: G1CollectForAllocation done
Event: 12790.094 Executing VM operation: G1CollectForAllocation
Event: 12791.984 Executing VM operation: G1CollectForAllocation done
Event: 12796.779 Executing VM operation: G1CollectForAllocation
Event: 12799.014 Executing VM operation: G1CollectForAllocation done
Event: 12803.680 Executing VM operation: G1CollectForAllocation
Event: 12806.458 Executing VM operation: G1CollectForAllocation done
Event: 12812.573 Executing VM operation: G1CollectForAllocation
Event: 12817.635 Executing VM operation: G1CollectForAllocation done
Event: 12824.094 Executing VM operation: G1CollectForAllocation
Event: 12827.339 Executing VM operation: G1CollectForAllocation done
Event: 12833.271 Executing VM operation: G1CollectForAllocation
Event: 12836.274 Executing VM operation: G1CollectForAllocation done
Event: 12842.618 Executing VM operation: G1CollectForAllocation


Dynamic libraries:
84e00000-8b500000 rw-p 00000000 00:00 0 
91e00000-ffe00000 ---p 00000000 00:00 0 
ffe00000-ffe47000 rw-p 0110e000 08:01 4066054                            /usr/lib/jvm/java-11-openjdk-amd64/lib/server/classes.jsa
ffe47000-fff00000 rw-p 00000000 00:00 0 
fff00000-fff6a000 rw-p 010a4000 08:01 4066054                            /usr/lib/jvm/java-11-openjdk-amd64/lib/server/classes.jsa
fff6a000-100000000 rw-p 00000000 00:00 0 
800000000-800002000 rwxp 00001000 08:01 4066054                          /usr/lib/jvm/java-11-openjdk-amd64/lib/server/classes.jsa
800002000-8010a3000 rw-p 00003000 08:01 4066054                          /usr/lib/jvm/java-11-openjdk-amd64/lib/server/classes.jsa
840000000-840c40000 rw-p 00000000 00:00 0 
840c40000-880000000 ---p 00000000 00:00 0 
55bf5141c000-55bf5141d000 r-xp 00000000 08:01 2232653                    /usr/lib/jvm/java-11-openjdk-amd64/bin/java
55bf5161d000-55bf5161e000 r--p 00001000 08:01 2232653                    /usr/lib/jvm/java-11-openjdk-amd64/bin/java
55bf5161e000-55bf5161f000 rw-p 00002000 08:01 2232653                    /usr/lib/jvm/java-11-openjdk-amd64/bin/java
55bf5318d000-55bf5324f000 rw-p 00000000 00:00 0                          [heap]
7f7efc000000-7f7efd802000 rw-p 00000000 00:00 0 
7f7efd802000-7f7f00000000 ---p 00000000 00:00 0 
7f7f00adb000-7f7f00c5b000 rw-p 00000000 00:00 0 
7f7f00c5b000-7f7f00cdb000 ---p 00000000 00:00 0 
7f7f00cdb000-7f7f00cdf000 ---p 00000000 00:00 0 
7f7f00cdf000-7f7f00ddc000 rw-p 00000000 00:00 0 
7f7f00ddc000-7f7f00de0000 ---p 00000000 00:00 0 
7f7f00de0000-7f7f00edd000 rw-p 00000000 00:00 0 
7f7f00edd000-7f7f00ee1000 ---p 00000000 00:00 0 
7f7f00ee1000-7f7f00fde000 rw-p 00000000 00:00 0 
7f7f00fde000-7f7f00fe2000 ---p 00000000 00:00 0 
7f7f00fe2000-7f7f010df000 rw-p 00000000 00:00 0 
7f7f010df000-7f7f010e3000 ---p 00000000 00:00 0 
7f7f010e3000-7f7f011e0000 rw-p 00000000 00:00 0 
7f7f011e0000-7f7f011e4000 ---p 00000000 00:00 0 
7f7f011e4000-7f7f014e1000 rw-p 00000000 00:00 0 
7f7f014e1000-7f7f014e5000 ---p 00000000 00:00 0 
7f7f014e5000-7f7f015e2000 rw-p 00000000 00:00 0 
7f7f015e2000-7f7f015e6000 ---p 00000000 00:00 0 
7f7f015e6000-7f7f016e3000 rw-p 00000000 00:00 0 
7f7f016e3000-7f7f016e7000 ---p 00000000 00:00 0 
7f7f016e7000-7f7f017e4000 rw-p 00000000 00:00 0 
7f7f017e4000-7f7f017e8000 ---p 00000000 00:00 0 
7f7f017e8000-7f7f018e5000 rw-p 00000000 00:00 0 
7f7f018e5000-7f7f018e9000 ---p 00000000 00:00 0 
7f7f018e9000-7f7f019e6000 rw-p 00000000 00:00 0 
7f7f019e6000-7f7f019ea000 ---p 00000000 00:00 0 
7f7f019ea000-7f7f01ae7000 rw-p 00000000 00:00 0 
7f7f01ae7000-7f7f01aeb000 ---p 00000000 00:00 0 
7f7f01aeb000-7f7f01be8000 rw-p 00000000 00:00 0 
7f7f01be8000-7f7f01bec000 ---p 00000000 00:00 0 
7f7f01bec000-7f7f01ce9000 rw-p 00000000 00:00 0 
7f7f01ce9000-7f7f01ced000 ---p 00000000 00:00 0 
7f7f01ced000-7f7f01fea000 rw-p 00000000 00:00 0 
7f7f01fea000-7f7f01fee000 ---p 00000000 00:00 0 
7f7f01fee000-7f7f020eb000 rw-p 00000000 00:00 0 
7f7f020eb000-7f7f020ef000 ---p 00000000 00:00 0 
7f7f020ef000-7f7f021ec000 rw-p 00000000 00:00 0 
7f7f021ec000-7f7f021f0000 ---p 00000000 00:00 0 
7f7f021f0000-7f7f022ed000 rw-p 00000000 00:00 0 
7f7f022ed000-7f7f022f1000 ---p 00000000 00:00 0 
7f7f022f1000-7f7f023ee000 rw-p 00000000 00:00 0 
7f7f023ee000-7f7f023f2000 ---p 00000000 00:00 0 
7f7f023f2000-7f7f026ef000 rw-p 00000000 00:00 0 
7f7f026ef000-7f7f026f3000 ---p 00000000 00:00 0 
7f7f026f3000-7f7f027f0000 rw-p 00000000 00:00 0 
7f7f027f0000-7f7f027f4000 ---p 00000000 00:00 0 
7f7f027f4000-7f7f028f1000 rw-p 00000000 00:00 0 
7f7f028f1000-7f7f028f5000 ---p 00000000 00:00 0 
7f7f028f5000-7f7f029f2000 rw-p 00000000 00:00 0 
7f7f029f2000-7f7f029f6000 ---p 00000000 00:00 0 
7f7f029f6000-7f7f02af3000 rw-p 00000000 00:00 0 
7f7f02af3000-7f7f02af7000 ---p 00000000 00:00 0 
7f7f02af7000-7f7f02bf4000 rw-p 00000000 00:00 0 
7f7f02bf4000-7f7f02bf8000 ---p 00000000 00:00 0 
7f7f02bf8000-7f7f02cf5000 rw-p 00000000 00:00 0 
7f7f02cf5000-7f7f02cf9000 ---p 00000000 00:00 0 
7f7f02cf9000-7f7f02df6000 rw-p 00000000 00:00 0 
7f7f02df6000-7f7f02dfa000 ---p 00000000 00:00 0 
7f7f02dfa000-7f7f02ef7000 rw-p 00000000 00:00 0 
7f7f02ef7000-7f7f02efb000 ---p 00000000 00:00 0 
7f7f02efb000-7f7f031f8000 rw-p 00000000 00:00 0 
7f7f031f8000-7f7f031fc000 ---p 00000000 00:00 0 
7f7f031fc000-7f7f032f9000 rw-p 00000000 00:00 0 
7f7f032f9000-7f7f032fd000 ---p 00000000 00:00 0 
7f7f032fd000-7f7f033fa000 rw-p 00000000 00:00 0 
7f7f033fa000-7f7f033fe000 ---p 00000000 00:00 0 
7f7f033fe000-7f7f034fb000 rw-p 00000000 00:00 0 
7f7f034fb000-7f7f034ff000 ---p 00000000 00:00 0 
7f7f034ff000-7f7f035fc000 rw-p 00000000 00:00 0 
7f7f035fc000-7f7f03600000 ---p 00000000 00:00 0 
7f7f03600000-7f7f036fd000 rw-p 00000000 00:00 0 
7f7f036fd000-7f7f03701000 ---p 00000000 00:00 0 
7f7f03701000-7f7f037fe000 rw-p 00000000 00:00 0 
7f7f037fe000-7f7f03802000 ---p 00000000 00:00 0 
7f7f03802000-7f7f03aff000 rw-p 00000000 00:00 0 
7f7f03aff000-7f7f03b03000 ---p 00000000 00:00 0 
7f7f03b03000-7f7f03e00000 rw-p 00000000 00:00 0 
7f7f03e00000-7f7f04000000 rw-p 00000000 00:00 0 
7f7f04000000-7f7f0464b000 rw-p 00000000 00:00 0 
7f7f0464b000-7f7f08000000 ---p 00000000 00:00 0 
7f7f08000000-7f7f0836c000 rw-p 00000000 00:00 0 
7f7f0836c000-7f7f0c000000 ---p 00000000 00:00 0 
7f7f0c000000-7f7f0dd23000 rw-p 00000000 00:00 0 
7f7f0dd23000-7f7f10000000 ---p 00000000 00:00 0 
7f7f10048000-7f7f1004c000 ---p 00000000 00:00 0 
7f7f1004c000-7f7f10149000 rw-p 00000000 00:00 0 
7f7f10149000-7f7f1014d000 ---p 00000000 00:00 0 
7f7f1014d000-7f7f1024a000 rw-p 00000000 00:00 0 
7f7f1024a000-7f7f1024e000 ---p 00000000 00:00 0 
7f7f1024e000-7f7f1034b000 rw-p 00000000 00:00 0 
7f7f1034b000-7f7f1034f000 ---p 00000000 00:00 0 
7f7f1034f000-7f7f1044c000 rw-p 00000000 00:00 0 
7f7f1044c000-7f7f10450000 ---p 00000000 00:00 0 
7f7f10450000-7f7f1054d000 rw-p 00000000 00:00 0 
7f7f1054d000-7f7f10551000 ---p 00000000 00:00 0 
7f7f10551000-7f7f1064e000 rw-p 00000000 00:00 0 
7f7f1064e000-7f7f10652000 ---p 00000000 00:00 0 
7f7f10652000-7f7f1074f000 rw-p 00000000 00:00 0 
7f7f1074f000-7f7f10753000 ---p 00000000 00:00 0 
7f7f10753000-7f7f10850000 rw-p 00000000 00:00 0 
7f7f10850000-7f7f10854000 ---p 00000000 00:00 0 
7f7f10854000-7f7f10951000 rw-p 00000000 00:00 0 
7f7f10951000-7f7f10955000 ---p 00000000 00:00 0 
7f7f10955000-7f7f10a52000 rw-p 00000000 00:00 0 
7f7f10a52000-7f7f10a56000 ---p 00000000 00:00 0 
7f7f10a56000-7f7f10d53000 rw-p 00000000 00:00 0 
7f7f10d53000-7f7f10d57000 ---p 00000000 00:00 0 
7f7f10d57000-7f7f10e54000 rw-p 00000000 00:00 0 
7f7f10e54000-7f7f10e58000 ---p 00000000 00:00 0 
7f7f10e58000-7f7f10f55000 rw-p 00000000 00:00 0 
7f7f10f55000-7f7f10f59000 ---p 00000000 00:00 0 
7f7f10f59000-7f7f11056000 rw-p 00000000 00:00 0 
7f7f11056000-7f7f1105a000 ---p 00000000 00:00 0 
7f7f1105a000-7f7f11157000 rw-p 00000000 00:00 0 
7f7f11157000-7f7f1115b000 ---p 00000000 00:00 0 
7f7f1115b000-7f7f11258000 rw-p 00000000 00:00 0 
7f7f11258000-7f7f1125c000 ---p 00000000 00:00 0 
7f7f1125c000-7f7f11359000 rw-p 00000000 00:00 0 
7f7f11359000-7f7f1135d000 ---p 00000000 00:00 0 
7f7f1135d000-7f7f1145a000 rw-p 00000000 00:00 0 
7f7f1145a000-7f7f1145e000 ---p 00000000 00:00 0 
7f7f1145e000-7f7f1155b000 rw-p 00000000 00:00 0 
7f7f1155b000-7f7f1155f000 ---p 00000000 00:00 0 
7f7f1155f000-7f7f1165c000 rw-p 00000000 00:00 0 
7f7f1165c000-7f7f11660000 ---p 00000000 00:00 0 
7f7f11660000-7f7f1175d000 rw-p 00000000 00:00 0 
7f7f1175d000-7f7f11761000 ---p 00000000 00:00 0 
7f7f11761000-7f7f1185e000 rw-p 00000000 00:00 0 
7f7f1185e000-7f7f11862000 ---p 00000000 00:00 0 
7f7f11862000-7f7f1195f000 rw-p 00000000 00:00 0 
7f7f11a0a000-7f7f11a0e000 ---p 00000000 00:00 0 
7f7f11a0e000-7f7f11b0b000 rw-p 00000000 00:00 0 
7f7f11b0b000-7f7f11b0f000 ---p 00000000 00:00 0 
7f7f11b0f000-7f7f11e0c000 rw-p 00000000 00:00 0 
7f7f11e0c000-7f7f1200c000 rw-p 00000000 00:00 0 
7f7f1200c000-7f7f12010000 ---p 00000000 00:00 0 
7f7f12010000-7f7f1230d000 rw-p 00000000 00:00 0 
7f7f1230d000-7f7f1250d000 rw-p 00000000 00:00 0 
7f7f1250d000-7f7f1270d000 rw-p 00000000 00:00 0 
7f7f127d4000-7f7f127d8000 ---p 00000000 00:00 0 
7f7f127d8000-7f7f12ad5000 rw-p 00000000 00:00 0 
7f7f12ad5000-7f7f12cd5000 rw-p 00000000 00:00 0 
7f7f12cd5000-7f7f12cd9000 ---p 00000000 00:00 0 
7f7f12cd9000-7f7f12dd6000 rw-p 00000000 00:00 0 
7f7f12dd6000-7f7f12dda000 ---p 00000000 00:00 0 
7f7f12dda000-7f7f12ed7000 rw-p 00000000 00:00 0 
7f7f12ed7000-7f7f12ed9000 r-xp 00000000 08:01 4066145                    /usr/lib/jvm/java-11-openjdk-amd64/lib/libextnet.so
7f7f12ed9000-7f7f130d8000 ---p 00002000 08:01 4066145                    /usr/lib/jvm/java-11-openjdk-amd64/lib/libextnet.so
7f7f130d8000-7f7f130d9000 r--p 00001000 08:01 4066145                    /usr/lib/jvm/java-11-openjdk-amd64/lib/libextnet.so
7f7f130d9000-7f7f130da000 rw-p 00002000 08:01 4066145                    /usr/lib/jvm/java-11-openjdk-amd64/lib/libextnet.so
7f7f130da000-7f7f132da000 rw-p 00000000 00:00 0 
7f7f132da000-7f7f134da000 rw-p 00000000 00:00 0 
7f7f134da000-7f7f136da000 rw-p 00000000 00:00 0 
7f7f136da000-7f7f138da000 rw-p 00000000 00:00 0 
7f7f138da000-7f7f13ada000 rw-p 00000000 00:00 0 
7f7f13ada000-7f7f13ade000 ---p 00000000 00:00 0 
7f7f13ade000-7f7f13bdb000 rw-p 00000000 00:00 0 
7f7f13bdb000-7f7f13bdf000 ---p 00000000 00:00 0 
7f7f13bdf000-7f7f13cdc000 rw-p 00000000 00:00 0 
7f7f13cdc000-7f7f13ce0000 ---p 00000000 00:00 0 
7f7f13ce0000-7f7f13ddd000 rw-p 00000000 00:00 0 
7f7f13e00000-7f7f14000000 rw-p 00000000 00:00 0 
7f7f14000000-7f7f14551000 rw-p 00000000 00:00 0 
7f7f14551000-7f7f18000000 ---p 00000000 00:00 0 
7f7f18000000-7f7f18230000 rw-p 00000000 00:00 0 
7f7f18230000-7f7f1c000000 ---p 00000000 00:00 0 
7f7f1c000000-7f7f1e58b000 rw-p 00000000 00:00 0 
7f7f1e58b000-7f7f20000000 ---p 00000000 00:00 0 
7f7f20000000-7f7f20258000 rw-p 00000000 00:00 0 
7f7f20258000-7f7f24000000 ---p 00000000 00:00 0 
7f7f24000000-7f7f24174000 rw-p 00000000 00:00 0 
7f7f24174000-7f7f28000000 ---p 00000000 00:00 0 
7f7f28000000-7f7f28e0c000 rw-p 00000000 00:00 0 
7f7f28e0c000-7f7f2c000000 ---p 00000000 00:00 0 
7f7f2c000000-7f7f2f0be000 rw-p 00000000 00:00 0 
7f7f2f0be000-7f7f30000000 ---p 00000000 00:00 0 
7f7f30000000-7f7f30347000 rw-p 00000000 00:00 0 
7f7f30347000-7f7f34000000 ---p 00000000 00:00 0 
7f7f34000000-7f7f34251000 rw-p 00000000 00:00 0 
7f7f34251000-7f7f38000000 ---p 00000000 00:00 0 
7f7f38000000-7f7f38132000 rw-p 00000000 00:00 0 
7f7f38132000-7f7f3c000000 ---p 00000000 00:00 0 
7f7f3c000000-7f7f3c0e8000 rw-p 00000000 00:00 0 
7f7f3c0e8000-7f7f40000000 ---p 00000000 00:00 0 
7f7f40000000-7f7f41cf8000 rw-p 00000000 00:00 0 
7f7f41cf8000-7f7f44000000 ---p 00000000 00:00 0 
7f7f44000000-7f7f4442e000 rw-p 00000000 00:00 0 
7f7f4442e000-7f7f48000000 ---p 00000000 00:00 0 
7f7f48000000-7f7f4811f000 rw-p 00000000 00:00 0 
7f7f4811f000-7f7f4c000000 ---p 00000000 00:00 0 
7f7f4c000000-7f7f4d3a3000 rw-p 00000000 00:00 0 
7f7f4d3a3000-7f7f50000000 ---p 00000000 00:00 0 
7f7f50000000-7f7f50170000 rw-p 00000000 00:00 0 
7f7f50170000-7f7f54000000 ---p 00000000 00:00 0 
7f7f54000000-7f7f54396000 rw-p 00000000 00:00 0 
7f7f54396000-7f7f58000000 ---p 00000000 00:00 0 
7f7f58000000-7f7f5bf2d000 rw-p 00000000 00:00 0 
7f7f5bf2d000-7f7f5c000000 ---p 00000000 00:00 0 
7f7f5c000000-7f7f5c0bc000 rw-p 00000000 00:00 0 
7f7f5c0bc000-7f7f60000000 ---p 00000000 00:00 0 
7f7f60000000-7f7f60077000 rw-p 00000000 00:00 0 
7f7f60077000-7f7f64000000 ---p 00000000 00:00 0 
7f7f64000000-7f7f64d64000 rw-p 00000000 00:00 0 
7f7f64d64000-7f7f68000000 ---p 00000000 00:00 0 
7f7f68000000-7f7f681e9000 rw-p 00000000 00:00 0 
7f7f681e9000-7f7f6c000000 ---p 00000000 00:00 0 
7f7f6c08d000-7f7f6c28d000 rw-p 00000000 00:00 0 
7f7f6c28d000-7f7f6c291000 ---p 00000000 00:00 0 
7f7f6c291000-7f7f6c58e000 rw-p 00000000 00:00 0 
7f7f6c58e000-7f7f6c78e000 rw-p 00000000 00:00 0 
7f7f6c78e000-7f7f6c98e000 rw-p 00000000 00:00 0 
7f7f6c98e000-7f7f6cb8e000 rw-p 00000000 00:00 0 
7f7f6cb8e000-7f7f6cd8d000 rw-p 00000000 00:00 0 
7f7f6cd8d000-7f7f6cd8e000 ---p 00000000 00:00 0 
7f7f6cd8e000-7f7f6cf8e000 rw-p 00000000 00:00 0 
7f7f6cf8e000-7f7f6d18e000 rw-p 00000000 00:00 0 
7f7f6d18e000-7f7f6d38e000 rw-p 00000000 00:00 0 
7f7f6d38e000-7f7f6d58e000 rw-p 00000000 00:00 0 
7f7f6d58e000-7f7f6d78e000 rw-p 00000000 00:00 0 
7f7f6d78e000-7f7f6d792000 ---p 00000000 00:00 0 
7f7f6d792000-7f7f6d88f000 rw-p 00000000 00:00 0 
7f7f6d88f000-7f7f6d8a6000 r-xp 00000000 08:01 1048638                    /lib/x86_64-linux-gnu/libresolv-2.27.so
7f7f6d8a6000-7f7f6daa6000 ---p 00017000 08:01 1048638                    /lib/x86_64-linux-gnu/libresolv-2.27.so
7f7f6daa6000-7f7f6daa7000 r--p 00017000 08:01 1048638                    /lib/x86_64-linux-gnu/libresolv-2.27.so
7f7f6daa7000-7f7f6daa8000 rw-p 00018000 08:01 1048638                    /lib/x86_64-linux-gnu/libresolv-2.27.so
7f7f6daa8000-7f7f6daaa000 rw-p 00000000 00:00 0 
7f7f6daaa000-7f7f6daaf000 r-xp 00000000 08:01 1048631                    /lib/x86_64-linux-gnu/libnss_dns-2.27.so
7f7f6daaf000-7f7f6dcaf000 ---p 00005000 08:01 1048631                    /lib/x86_64-linux-gnu/libnss_dns-2.27.so
7f7f6dcaf000-7f7f6dcb0000 r--p 00005000 08:01 1048631                    /lib/x86_64-linux-gnu/libnss_dns-2.27.so
7f7f6dcb0000-7f7f6dcb1000 rw-p 00006000 08:01 1048631                    /lib/x86_64-linux-gnu/libnss_dns-2.27.so
7f7f6dcb1000-7f7f6dcb3000 r-xp 00000000 08:01 1053443                    /lib/x86_64-linux-gnu/libnss_mdns4_minimal.so.2
7f7f6dcb3000-7f7f6deb2000 ---p 00002000 08:01 1053443                    /lib/x86_64-linux-gnu/libnss_mdns4_minimal.so.2
7f7f6deb2000-7f7f6deb3000 r--p 00001000 08:01 1053443                    /lib/x86_64-linux-gnu/libnss_mdns4_minimal.so.2
7f7f6deb3000-7f7f6deb4000 rw-p 00002000 08:01 1053443                    /lib/x86_64-linux-gnu/libnss_mdns4_minimal.so.2
7f7f6deb4000-7f7f6deb5000 ---p 00000000 00:00 0 
7f7f6deb5000-7f7f6dfb6000 rw-p 00000000 00:00 0 
7f7f6dfb6000-7f7f6dfba000 ---p 00000000 00:00 0 
7f7f6dfba000-7f7f6e0b7000 rw-p 00000000 00:00 0 
7f7f6e0b7000-7f7f6e0bb000 ---p 00000000 00:00 0 
7f7f6e0bb000-7f7f6e1b8000 rw-p 00000000 00:00 0 
7f7f6e1b8000-7f7f6e1bd000 r-xp 00000000 08:01 4066163                    /usr/lib/jvm/java-11-openjdk-amd64/lib/libmanagement_ext.so
7f7f6e1bd000-7f7f6e3bc000 ---p 00005000 08:01 4066163                    /usr/lib/jvm/java-11-openjdk-amd64/lib/libmanagement_ext.so
7f7f6e3bc000-7f7f6e3bd000 r--p 00004000 08:01 4066163                    /usr/lib/jvm/java-11-openjdk-amd64/lib/libmanagement_ext.so
7f7f6e3bd000-7f7f6e3be000 rw-p 00005000 08:01 4066163                    /usr/lib/jvm/java-11-openjdk-amd64/lib/libmanagement_ext.so
7f7f6e3be000-7f7f6e3c2000 r-xp 00000000 08:01 4066160                    /usr/lib/jvm/java-11-openjdk-amd64/lib/libmanagement.so
7f7f6e3c2000-7f7f6e5c1000 ---p 00004000 08:01 4066160                    /usr/lib/jvm/java-11-openjdk-amd64/lib/libmanagement.so
7f7f6e5c1000-7f7f6e5c2000 r--p 00003000 08:01 4066160                    /usr/lib/jvm/java-11-openjdk-amd64/lib/libmanagement.so
7f7f6e5c2000-7f7f6e5c3000 rw-p 00004000 08:01 4066160                    /usr/lib/jvm/java-11-openjdk-amd64/lib/libmanagement.so
7f7f6e5c3000-7f7f6e5c4000 ---p 00000000 00:00 0 
7f7f6e5c4000-7f7f6e6c5000 rw-p 00000000 00:00 0 
7f7f6e6c5000-7f7f6e6c6000 ---p 00000000 00:00 0 
7f7f6e6c6000-7f7f6e7c7000 rw-p 00000000 00:00 0 
7f7f6e7c7000-7f7f6e7cb000 ---p 00000000 00:00 0 
7f7f6e7cb000-7f7f6e8c8000 rw-p 00000000 00:00 0 
7f7f6e8c8000-7f7f6e8de000 r-xp 00000000 08:01 4066166                    /usr/lib/jvm/java-11-openjdk-amd64/lib/libnet.so
7f7f6e8de000-7f7f6eadd000 ---p 00016000 08:01 4066166                    /usr/lib/jvm/java-11-openjdk-amd64/lib/libnet.so
7f7f6eadd000-7f7f6eade000 r--p 00015000 08:01 4066166                    /usr/lib/jvm/java-11-openjdk-amd64/lib/libnet.so
7f7f6eade000-7f7f6eadf000 rw-p 00016000 08:01 4066166                    /usr/lib/jvm/java-11-openjdk-amd64/lib/libnet.so
7f7f6eadf000-7f7f6eaef000 r-xp 00000000 08:01 4066169                    /usr/lib/jvm/java-11-openjdk-amd64/lib/libnio.so
7f7f6eaef000-7f7f6ecee000 ---p 00010000 08:01 4066169                    /usr/lib/jvm/java-11-openjdk-amd64/lib/libnio.so
7f7f6ecee000-7f7f6ecef000 r--p 0000f000 08:01 4066169                    /usr/lib/jvm/java-11-openjdk-amd64/lib/libnio.so
7f7f6ecef000-7f7f6ecf0000 rw-p 00010000 08:01 4066169                    /usr/lib/jvm/java-11-openjdk-amd64/lib/libnio.so
7f7f6ecf0000-7f7f6ecf4000 ---p 00000000 00:00 0 
7f7f6ecf4000-7f7f6edf1000 rw-p 00000000 00:00 0 
7f7f6edf1000-7f7f6edf2000 ---p 00000000 00:00 0 
7f7f6edf2000-7f7f6eef3000 rw-p 00000000 00:00 0 
7f7f6eef3000-7f7f6eef7000 ---p 00000000 00:00 0 
7f7f6eef7000-7f7f6eff4000 rw-p 00000000 00:00 0 
7f7f6eff4000-7f7f6eff8000 ---p 00000000 00:00 0 
7f7f6eff8000-7f7f6f0f5000 rw-p 00000000 00:00 0 
7f7f6f0f5000-7f7f6f0f9000 ---p 00000000 00:00 0 
7f7f6f0f9000-7f7f6f1f6000 rw-p 00000000 00:00 0 
7f7f6f1f6000-7f7f6f1fa000 ---p 00000000 00:00 0 
7f7f6f1fa000-7f7f6f2f7000 rw-p 00000000 00:00 0 
7f7f6f2f7000-7f7f6f2fb000 r-xp 00000000 08:01 4066144                    /usr/lib/jvm/java-11-openjdk-amd64/lib/libdt_socket.so
7f7f6f2fb000-7f7f6f4fb000 ---p 00004000 08:01 4066144                    /usr/lib/jvm/java-11-openjdk-amd64/lib/libdt_socket.so
7f7f6f4fb000-7f7f6f4fc000 r--p 00004000 08:01 4066144                    /usr/lib/jvm/java-11-openjdk-amd64/lib/libdt_socket.so
7f7f6f4fc000-7f7f6f4fd000 rw-p 00005000 08:01 4066144                    /usr/lib/jvm/java-11-openjdk-amd64/lib/libdt_socket.so
7f7f6f4fd000-7f7f6f501000 ---p 00000000 00:00 0 
7f7f6f501000-7f7f6f5fe000 rw-p 00000000 00:00 0 
7f7f6f5fe000-7f7f6f602000 ---p 00000000 00:00 0 
7f7f6f602000-7f7f6f6ff000 rw-p 00000000 00:00 0 
7f7f6f6ff000-7f7f6f703000 ---p 00000000 00:00 0 
7f7f6f703000-7f7f70000000 rw-p 00000000 00:00 0 
7f7f70000000-7f7f700b2000 rw-p 00000000 00:00 0 
7f7f700b2000-7f7f74000000 ---p 00000000 00:00 0 
7f7f74000000-7f7f7414b000 rw-p 00000000 00:00 0 
7f7f7414b000-7f7f78000000 ---p 00000000 00:00 0 
7f7f78000000-7f7f78134000 rw-p 00000000 00:00 0 
7f7f78134000-7f7f7c000000 ---p 00000000 00:00 0 
7f7f7c037000-7f7f7c03b000 ---p 00000000 00:00 0 
7f7f7c03b000-7f7f7e2d4000 rw-p 00000000 00:00 0 
7f7f7e2d4000-7f7f7fff8000 ---p 00000000 00:00 0 
7f7f7fff8000-7f7f80000000 rw-p 00000000 00:00 0 
7f7f80000000-7f7f80103000 rw-p 00000000 00:00 0 
7f7f80103000-7f7f84000000 ---p 00000000 00:00 0 
7f7f840c9000-7f7f843a7000 r--p 00000000 08:01 12848323                   /usr/lib/locale/locale-archive
7f7f843a7000-7f7f843ab000 ---p 00000000 00:00 0 
7f7f843ab000-7f7f844a8000 rw-p 00000000 00:00 0 
7f7f844a8000-7f7f844ac000 ---p 00000000 00:00 0 
7f7f844ac000-7f7f845a9000 rw-p 00000000 00:00 0 
7f7f845a9000-7f7f845aa000 ---p 00000000 00:00 0 
7f7f845aa000-7f7f84787000 rw-p 00000000 00:00 0 
7f7f84787000-7f7f84788000 ---p 00000000 00:00 0 
7f7f84788000-7f7f84889000 rw-p 00000000 00:00 0 
7f7f84889000-7f7f8488a000 ---p 00000000 00:00 0 
7f7f8488a000-7f7f84d8f000 rw-p 00000000 00:00 0 
7f7f84d8f000-7f7f84d90000 ---p 00000000 00:00 0 
7f7f84d90000-7f7f84e91000 rw-p 00000000 00:00 0 
7f7f84e91000-7f7f84e92000 ---p 00000000 00:00 0 
7f7f84e92000-7f7f8512f000 rw-p 00000000 00:00 0 
7f7f8512f000-7f7f86e53000 ---p 00000000 00:00 0 
7f7f86e53000-7f7f86e8f000 rw-p 00000000 00:00 0 
7f7f86e8f000-7f7f87233000 ---p 00000000 00:00 0 
7f7f87233000-7f7f87268000 rw-p 00000000 00:00 0 
7f7f87268000-7f7f8760c000 ---p 00000000 00:00 0 
7f7f8760c000-7f7f87641000 rw-p 00000000 00:00 0 
7f7f87641000-7f7f879e5000 ---p 00000000 00:00 0 
7f7f879e5000-7f7f87dea000 rw-p 00000000 00:00 0 
7f7f87dea000-7f7f87deb000 ---p 00000000 00:00 0 
7f7f87deb000-7f7f87f0a000 rw-p 00000000 00:00 0 
7f7f87f0a000-7f7f87fd7000 ---p 00000000 00:00 0 
7f7f87fd7000-7f7f88013000 rw-p 00000000 00:00 0 
7f7f88013000-7f7f880c2000 ---p 00000000 00:00 0 
7f7f880c2000-7f7f88332000 rwxp 00000000 00:00 0 
7f7f88332000-7f7f88652000 ---p 00000000 00:00 0 
7f7f88652000-7f7f8a452000 rwxp 00000000 00:00 0 
7f7f8a452000-7f7f8fb8a000 ---p 00000000 00:00 0 
7f7f8fb8a000-7f7f90a5a000 rwxp 00000000 00:00 0 
7f7f90a5a000-7f7f970c2000 ---p 00000000 00:00 0 
7f7f970c2000-7f7f970c9000 r-xp 00000000 08:01 4075023                    /usr/lib/jvm/java-11-openjdk-amd64/lib/libzip.so
7f7f970c9000-7f7f972c8000 ---p 00007000 08:01 4075023                    /usr/lib/jvm/java-11-openjdk-amd64/lib/libzip.so
7f7f972c8000-7f7f972c9000 r--p 00006000 08:01 4075023                    /usr/lib/jvm/java-11-openjdk-amd64/lib/libzip.so
7f7f972c9000-7f7f972ca000 rw-p 00007000 08:01 4075023                    /usr/lib/jvm/java-11-openjdk-amd64/lib/libzip.so
7f7f972ca000-7f7f972d5000 r-xp 00000000 08:01 1048632                    /lib/x86_64-linux-gnu/libnss_files-2.27.so
7f7f972d5000-7f7f974d4000 ---p 0000b000 08:01 1048632                    /lib/x86_64-linux-gnu/libnss_files-2.27.so
7f7f974d4000-7f7f974d5000 r--p 0000a000 08:01 1048632                    /lib/x86_64-linux-gnu/libnss_files-2.27.so
7f7f974d5000-7f7f974d6000 rw-p 0000b000 08:01 1048632                    /lib/x86_64-linux-gnu/libnss_files-2.27.so
7f7f974d6000-7f7f974dc000 rw-p 00000000 00:00 0 
7f7f974dc000-7f7f974f3000 r-xp 00000000 08:01 1048629                    /lib/x86_64-linux-gnu/libnsl-2.27.so
7f7f974f3000-7f7f976f2000 ---p 00017000 08:01 1048629                    /lib/x86_64-linux-gnu/libnsl-2.27.so
7f7f976f2000-7f7f976f3000 r--p 00016000 08:01 1048629                    /lib/x86_64-linux-gnu/libnsl-2.27.so
7f7f976f3000-7f7f976f4000 rw-p 00017000 08:01 1048629                    /lib/x86_64-linux-gnu/libnsl-2.27.so
7f7f976f4000-7f7f976f6000 rw-p 00000000 00:00 0 
7f7f976f6000-7f7f97701000 r-xp 00000000 08:01 1048634                    /lib/x86_64-linux-gnu/libnss_nis-2.27.so
7f7f97701000-7f7f97900000 ---p 0000b000 08:01 1048634                    /lib/x86_64-linux-gnu/libnss_nis-2.27.so
7f7f97900000-7f7f97901000 r--p 0000a000 08:01 1048634                    /lib/x86_64-linux-gnu/libnss_nis-2.27.so
7f7f97901000-7f7f97902000 rw-p 0000b000 08:01 1048634                    /lib/x86_64-linux-gnu/libnss_nis-2.27.so
7f7f97902000-7f7fa0000000 r--s 00000000 08:01 4075024                    /usr/lib/jvm/java-11-openjdk-amd64/lib/modules
7f7fa0000000-7f7fa083a000 rw-p 00000000 00:00 0 
7f7fa083a000-7f7fa4000000 ---p 00000000 00:00 0 
7f7fa4014000-7f7fa4045000 rw-p 00000000 00:00 0 
7f7fa4045000-7f7fa404d000 r-xp 00000000 08:01 1048630                    /lib/x86_64-linux-gnu/libnss_compat-2.27.so
7f7fa404d000-7f7fa424d000 ---p 00008000 08:01 1048630                    /lib/x86_64-linux-gnu/libnss_compat-2.27.so
7f7fa424d000-7f7fa424e000 r--p 00008000 08:01 1048630                    /lib/x86_64-linux-gnu/libnss_compat-2.27.so
7f7fa424e000-7f7fa424f000 rw-p 00009000 08:01 1048630                    /lib/x86_64-linux-gnu/libnss_compat-2.27.so
7f7fa424f000-7f7fa428b000 r-xp 00000000 08:01 4066155                    /usr/lib/jvm/java-11-openjdk-amd64/lib/libjdwp.so
7f7fa428b000-7f7fa448a000 ---p 0003c000 08:01 4066155                    /usr/lib/jvm/java-11-openjdk-amd64/lib/libjdwp.so
7f7fa448a000-7f7fa448b000 r--p 0003b000 08:01 4066155                    /usr/lib/jvm/java-11-openjdk-amd64/lib/libjdwp.so
7f7fa448b000-7f7fa448c000 rw-p 0003c000 08:01 4066155                    /usr/lib/jvm/java-11-openjdk-amd64/lib/libjdwp.so
7f7fa448c000-7f7fa4491000 r-xp 00000000 08:01 4066156                    /usr/lib/jvm/java-11-openjdk-amd64/lib/libjimage.so
7f7fa4491000-7f7fa4690000 ---p 00005000 08:01 4066156                    /usr/lib/jvm/java-11-openjdk-amd64/lib/libjimage.so
7f7fa4690000-7f7fa4691000 r--p 00004000 08:01 4066156                    /usr/lib/jvm/java-11-openjdk-amd64/lib/libjimage.so
7f7fa4691000-7f7fa4692000 rw-p 00005000 08:01 4066156                    /usr/lib/jvm/java-11-openjdk-amd64/lib/libjimage.so
7f7fa4692000-7f7fa46bb000 r-xp 00000000 08:01 4066152                    /usr/lib/jvm/java-11-openjdk-amd64/lib/libjava.so
7f7fa46bb000-7f7fa48bb000 ---p 00029000 08:01 4066152                    /usr/lib/jvm/java-11-openjdk-amd64/lib/libjava.so
7f7fa48bb000-7f7fa48bc000 r--p 00029000 08:01 4066152                    /usr/lib/jvm/java-11-openjdk-amd64/lib/libjava.so
7f7fa48bc000-7f7fa48bd000 rw-p 0002a000 08:01 4066152                    /usr/lib/jvm/java-11-openjdk-amd64/lib/libjava.so
7f7fa48bd000-7f7fa48be000 rw-p 00000000 00:00 0 
7f7fa48be000-7f7fa48cb000 r-xp 00000000 08:01 4075022                    /usr/lib/jvm/java-11-openjdk-amd64/lib/libverify.so
7f7fa48cb000-7f7fa4aca000 ---p 0000d000 08:01 4075022                    /usr/lib/jvm/java-11-openjdk-amd64/lib/libverify.so
7f7fa4aca000-7f7fa4acc000 r--p 0000c000 08:01 4075022                    /usr/lib/jvm/java-11-openjdk-amd64/lib/libverify.so
7f7fa4acc000-7f7fa4acd000 rw-p 0000e000 08:01 4075022                    /usr/lib/jvm/java-11-openjdk-amd64/lib/libverify.so
7f7fa4acd000-7f7fa4ad4000 r-xp 00000000 08:01 1048639                    /lib/x86_64-linux-gnu/librt-2.27.so
7f7fa4ad4000-7f7fa4cd3000 ---p 00007000 08:01 1048639                    /lib/x86_64-linux-gnu/librt-2.27.so
7f7fa4cd3000-7f7fa4cd4000 r--p 00006000 08:01 1048639                    /lib/x86_64-linux-gnu/librt-2.27.so
7f7fa4cd4000-7f7fa4cd5000 rw-p 00007000 08:01 1048639                    /lib/x86_64-linux-gnu/librt-2.27.so
7f7fa4cd5000-7f7fa4cec000 r-xp 00000000 08:01 1067365                    /lib/x86_64-linux-gnu/libgcc_s.so.1
7f7fa4cec000-7f7fa4eeb000 ---p 00017000 08:01 1067365                    /lib/x86_64-linux-gnu/libgcc_s.so.1
7f7fa4eeb000-7f7fa4eec000 r--p 00016000 08:01 1067365                    /lib/x86_64-linux-gnu/libgcc_s.so.1
7f7fa4eec000-7f7fa4eed000 rw-p 00017000 08:01 1067365                    /lib/x86_64-linux-gnu/libgcc_s.so.1
7f7fa4eed000-7f7fa508a000 r-xp 00000000 08:01 1048626                    /lib/x86_64-linux-gnu/libm-2.27.so
7f7fa508a000-7f7fa5289000 ---p 0019d000 08:01 1048626                    /lib/x86_64-linux-gnu/libm-2.27.so
7f7fa5289000-7f7fa528a000 r--p 0019c000 08:01 1048626                    /lib/x86_64-linux-gnu/libm-2.27.so
7f7fa528a000-7f7fa528b000 rw-p 0019d000 08:01 1048626                    /lib/x86_64-linux-gnu/libm-2.27.so
7f7fa528b000-7f7fa5404000 r-xp 00000000 08:01 12845334                   /usr/lib/x86_64-linux-gnu/libstdc++.so.6.0.25
7f7fa5404000-7f7fa5604000 ---p 00179000 08:01 12845334                   /usr/lib/x86_64-linux-gnu/libstdc++.so.6.0.25
7f7fa5604000-7f7fa560e000 r--p 00179000 08:01 12845334                   /usr/lib/x86_64-linux-gnu/libstdc++.so.6.0.25
7f7fa560e000-7f7fa5610000 rw-p 00183000 08:01 12845334                   /usr/lib/x86_64-linux-gnu/libstdc++.so.6.0.25
7f7fa5610000-7f7fa5614000 rw-p 00000000 00:00 0 
7f7fa5614000-7f7fa66f2000 r-xp 00000000 08:01 4075027                    /usr/lib/jvm/java-11-openjdk-amd64/lib/server/libjvm.so
7f7fa66f2000-7f7fa68f1000 ---p 010de000 08:01 4075027                    /usr/lib/jvm/java-11-openjdk-amd64/lib/server/libjvm.so
7f7fa68f1000-7f7fa69ae000 r--p 010dd000 08:01 4075027                    /usr/lib/jvm/java-11-openjdk-amd64/lib/server/libjvm.so
7f7fa69ae000-7f7fa69e7000 rw-p 0119a000 08:01 4075027                    /usr/lib/jvm/java-11-openjdk-amd64/lib/server/libjvm.so
7f7fa69e7000-7f7fa6a3e000 rw-p 00000000 00:00 0 
7f7fa6a3e000-7f7fa6a58000 r-xp 00000000 08:01 1048637                    /lib/x86_64-linux-gnu/libpthread-2.27.so
7f7fa6a58000-7f7fa6c57000 ---p 0001a000 08:01 1048637                    /lib/x86_64-linux-gnu/libpthread-2.27.so
7f7fa6c57000-7f7fa6c58000 r--p 00019000 08:01 1048637                    /lib/x86_64-linux-gnu/libpthread-2.27.so
7f7fa6c58000-7f7fa6c59000 rw-p 0001a000 08:01 1048637                    /lib/x86_64-linux-gnu/libpthread-2.27.so
7f7fa6c59000-7f7fa6c5d000 rw-p 00000000 00:00 0 
7f7fa6c5d000-7f7fa6c60000 r-xp 00000000 08:01 1048625                    /lib/x86_64-linux-gnu/libdl-2.27.so
7f7fa6c60000-7f7fa6e5f000 ---p 00003000 08:01 1048625                    /lib/x86_64-linux-gnu/libdl-2.27.so
7f7fa6e5f000-7f7fa6e60000 r--p 00002000 08:01 1048625                    /lib/x86_64-linux-gnu/libdl-2.27.so
7f7fa6e60000-7f7fa6e61000 rw-p 00003000 08:01 1048625                    /lib/x86_64-linux-gnu/libdl-2.27.so
7f7fa6e61000-7f7fa6e7d000 r-xp 00000000 08:01 1053519                    /lib/x86_64-linux-gnu/libz.so.1.2.11
7f7fa6e7d000-7f7fa707c000 ---p 0001c000 08:01 1053519                    /lib/x86_64-linux-gnu/libz.so.1.2.11
7f7fa707c000-7f7fa707d000 r--p 0001b000 08:01 1053519                    /lib/x86_64-linux-gnu/libz.so.1.2.11
7f7fa707d000-7f7fa707e000 rw-p 0001c000 08:01 1053519                    /lib/x86_64-linux-gnu/libz.so.1.2.11
7f7fa707e000-7f7fa7265000 r-xp 00000000 08:01 1048622                    /lib/x86_64-linux-gnu/libc-2.27.so
7f7fa7265000-7f7fa7465000 ---p 001e7000 08:01 1048622                    /lib/x86_64-linux-gnu/libc-2.27.so
7f7fa7465000-7f7fa7469000 r--p 001e7000 08:01 1048622                    /lib/x86_64-linux-gnu/libc-2.27.so
7f7fa7469000-7f7fa746b000 rw-p 001eb000 08:01 1048622                    /lib/x86_64-linux-gnu/libc-2.27.so
7f7fa746b000-7f7fa746f000 rw-p 00000000 00:00 0 
7f7fa746f000-7f7fa747f000 r-xp 00000000 08:01 4066136                    /usr/lib/jvm/java-11-openjdk-amd64/lib/jli/libjli.so
7f7fa747f000-7f7fa767e000 ---p 00010000 08:01 4066136                    /usr/lib/jvm/java-11-openjdk-amd64/lib/jli/libjli.so
7f7fa767e000-7f7fa767f000 r--p 0000f000 08:01 4066136                    /usr/lib/jvm/java-11-openjdk-amd64/lib/jli/libjli.so
7f7fa767f000-7f7fa7680000 rw-p 00010000 08:01 4066136                    /usr/lib/jvm/java-11-openjdk-amd64/lib/jli/libjli.so
7f7fa7680000-7f7fa76a7000 r-xp 00000000 08:01 1048618                    /lib/x86_64-linux-gnu/ld-2.27.so
7f7fa76cd000-7f7fa7779000 rw-p 00000000 00:00 0 
7f7fa7779000-7f7fa777d000 ---p 00000000 00:00 0 
7f7fa777d000-7f7fa787c000 rw-p 00000000 00:00 0 
7f7fa7886000-7f7fa788d000 r--s 00000000 08:01 13111358                   /usr/lib/x86_64-linux-gnu/gconv/gconv-modules.cache
7f7fa788d000-7f7fa7892000 rw-p 00000000 00:00 0 
7f7fa7892000-7f7fa7899000 ---p 00000000 00:00 0 
7f7fa7899000-7f7fa789b000 r--s 00007000 08:01 13245293                   /usr/share/java/java-atk-wrapper.jar
7f7fa789b000-7f7fa78a3000 rw-s 00000000 08:01 6559237                    /tmp/hsperfdata_yashobhushan/20310
7f7fa78a3000-7f7fa78a4000 ---p 00000000 00:00 0 
7f7fa78a4000-7f7fa78a5000 r--p 00000000 00:00 0 
7f7fa78a5000-7f7fa78a7000 rw-p 00000000 00:00 0 
7f7fa78a7000-7f7fa78a8000 r--p 00027000 08:01 1048618                    /lib/x86_64-linux-gnu/ld-2.27.so
7f7fa78a8000-7f7fa78a9000 rw-p 00028000 08:01 1048618                    /lib/x86_64-linux-gnu/ld-2.27.so
7f7fa78a9000-7f7fa78aa000 rw-p 00000000 00:00 0 
7ffce5902000-7ffce5924000 rw-p 00000000 00:00 0                          [stack]
7ffce594d000-7ffce5950000 r--p 00000000 00:00 0                          [vvar]
7ffce5950000-7ffce5952000 r-xp 00000000 00:00 0                          [vdso]
ffffffffff600000-ffffffffff601000 r-xp 00000000 00:00 0                  [vsyscall]


VM Arguments:
jvm_args: -agentlib:jdwp=transport=dt_socket,server=n,suspend=y,address=localhost:39293 -Dfile.encoding=UTF-8 
java_command: com.example.demo.DemoApplication
java_class_path (initial): /home/yashobhushan/Documents/spring_plural/springRestAPIS/target/classes:/home/yashobhushan/.m2/repository/org/springframework/boot/spring-boot-starter/2.3.4.RELEASE/spring-boot-starter-2.3.4.RELEASE.jar:/home/yashobhushan/.m2/repository/org/springframework/boot/spring-boot/2.3.4.RELEASE/spring-boot-2.3.4.RELEASE.jar:/home/yashobhushan/.m2/repository/org/springframework/spring-context/5.2.9.RELEASE/spring-context-5.2.9.RELEASE.jar:/home/yashobhushan/.m2/repository/org/springframework/boot/spring-boot-autoconfigure/2.3.4.RELEASE/spring-boot-autoconfigure-2.3.4.RELEASE.jar:/home/yashobhushan/.m2/repository/org/springframework/boot/spring-boot-starter-logging/2.3.4.RELEASE/spring-boot-starter-logging-2.3.4.RELEASE.jar:/home/yashobhushan/.m2/repository/ch/qos/logback/logback-classic/1.2.3/logback-classic-1.2.3.jar:/home/yashobhushan/.m2/repository/ch/qos/logback/logback-core/1.2.3/logback-core-1.2.3.jar:/home/yashobhushan/.m2/repository/org/apache/logging/log4j/log4j-to-slf4j/2.13.3/log4j-to-slf4j-2.13.3.jar:/home/yashobhushan/.m2/repository/org/apache/logging/log4j/log4j-api/2.13.3/log4j-api-2.13.3.jar:/home/yashobhushan/.m2/repository/org/slf4j/jul-to-slf4j/1.7.30/jul-to-slf4j-1.7.30.jar:/home/yashobhushan/.m2/repository/jakarta/annotation/jakarta.annotation-api/1.3.5/jakarta.annotation-api-1.3.5.jar:/home/yashobhushan/.m2/repository/org/springframework/spring-core/5.2.9.RELEASE/spring-core-5.2.9.RELEASE.jar:/home/yashobhushan/.m2/repository/org/springframework/spring-jcl/5.2.9.RELEASE/spring-jcl-5.2.9.RELEASE.jar:/home/yashobhushan/.m2/repository/org/yaml/snakeyaml/1.26/snakeyaml-1.26.jar:/home/yashobhushan/.m2/repository/org/springframework/boot/spring-boot-starter-security/2.3.4.RELEASE/spring-boot-starter-security-2.3.4.RELEASE.jar:/home/yashobhushan/.m2/repository/org/springframework/spring-aop/5.2.9.RELEASE/spring-aop-5.2.9.RELEASE.jar:/home/yashobhushan/.m2/repository/org/springframework/spring-beans/5.2.9.RELEASE/spring-beans-5.2.9
Launcher Type: SUN_STANDARD

[Global flags]
     intx CICompilerCount                          = 3                                         {product} {ergonomic}
     uint ConcGCThreads                            = 1                                         {product} {ergonomic}
     uint G1ConcRefinementThreads                  = 4                                         {product} {ergonomic}
   size_t G1HeapRegionSize                         = 1048576                                   {product} {ergonomic}
    uintx GCDrainStackTargetSize                   = 64                                        {product} {ergonomic}
   size_t InitialHeapSize                          = 130023424                                 {product} {ergonomic}
   size_t MarkStackSize                            = 4194304                                   {product} {ergonomic}
   size_t MaxHeapSize                              = 2065694720                                {product} {ergonomic}
   size_t MaxNewSize                               = 1239416832                                {product} {ergonomic}
   size_t MinHeapDeltaBytes                        = 1048576                                   {product} {ergonomic}
    uintx NonNMethodCodeHeapSize                   = 5830732                                {pd product} {ergonomic}
    uintx NonProfiledCodeHeapSize                  = 122913754                              {pd product} {ergonomic}
    uintx ProfiledCodeHeapSize                     = 122913754                              {pd product} {ergonomic}
    uintx ReservedCodeCacheSize                    = 251658240                              {pd product} {ergonomic}
     bool SegmentedCodeCache                       = true                                      {product} {ergonomic}
     bool UseCompressedClassPointers               = true                                 {lp64_product} {ergonomic}
     bool UseCompressedOops                        = true                                 {lp64_product} {ergonomic}
     bool UseG1GC                                  = true                                      {product} {ergonomic}

Logging:
Log output configuration:
 #0: stdout all=warning uptime,level,tags
 #1: stderr all=off uptime,level,tags

Environment Variables:
JAVA_HOME=/usr/lib/jvm/java-8-oracle
PATH=/home/yashobhushan/anaconda2/bin:/home/yashobhushan/.local/bin:/home/yashobhushan/.sdkman/candidates/springboot/current/bin:/home/yashobhushan/anaconda3/condabin:/home/yashobhushan/anaconda2/bin:/home/yashobhushan/.nvm/versions/node/v10.16.0/bin:/home/yashobhushan/.local/bin:/usr/local/sbin:/usr/local/bin:/usr/sbin:/usr/bin:/sbin:/bin:/usr/games:/usr/local/games:/snap/bin:/usr/lib/jvm/java-8-oracle/bin:/usr/lib/jvm/java-8-oracle/db/bin:/usr/lib/jvm/java-8-oracle/jre/bin:/usr/lib/jvm/java-8-oracle/bin:/usr/lib/jvm/java-8-oracle/db/bin:/usr/lib/jvm/java-8-oracle/jre/bin
USERNAME=yashobhushan
SHELL=/bin/bash
DISPLAY=:0
LANG=en_GB.UTF-8

Signal Handlers:
SIGSEGV: [libjvm.so+0xdf9610], sa_mask[0]=11111111011111111101111111111110, sa_flags=SA_RESTART|SA_SIGINFO
SIGBUS: [libjvm.so+0xdf9610], sa_mask[0]=11111111011111111101111111111110, sa_flags=SA_RESTART|SA_SIGINFO
SIGFPE: [libjvm.so+0xdf9610], sa_mask[0]=11111111011111111101111111111110, sa_flags=SA_RESTART|SA_SIGINFO
SIGPIPE: [libjvm.so+0xbcc360], sa_mask[0]=11111111011111111101111111111110, sa_flags=SA_RESTART|SA_SIGINFO
SIGXFSZ: [libjvm.so+0xbcc360], sa_mask[0]=11111111011111111101111111111110, sa_flags=SA_RESTART|SA_SIGINFO
SIGILL: [libjvm.so+0xdf9610], sa_mask[0]=11111111011111111101111111111110, sa_flags=SA_RESTART|SA_SIGINFO
SIGUSR2: [libjvm.so+0xbcc200], sa_mask[0]=00000000000000000000000000000000, sa_flags=SA_RESTART|SA_SIGINFO
SIGHUP: [libjvm.so+0xbcc560], sa_mask[0]=11111111011111111101111111111110, sa_flags=SA_RESTART|SA_SIGINFO
SIGINT: [libjvm.so+0xbcc560], sa_mask[0]=11111111011111111101111111111110, sa_flags=SA_RESTART|SA_SIGINFO
SIGTERM: [libjvm.so+0xbcc560], sa_mask[0]=11111111011111111101111111111110, sa_flags=SA_RESTART|SA_SIGINFO
SIGQUIT: [libjvm.so+0xbcc560], sa_mask[0]=11111111011111111101111111111110, sa_flags=SA_RESTART|SA_SIGINFO


---------------  S Y S T E M  ---------------

OS:DISTRIB_ID=Ubuntu
DISTRIB_RELEASE=18.04
DISTRIB_CODENAME=bionic
DISTRIB_DESCRIPTION="Ubuntu 18.04.3 LTS"
uname:Linux 4.15.0-118-generic #119-Ubuntu SMP Tue Sep 8 12:30:01 UTC 2020 x86_64
OS uptime: 0 days 5:44 hours
libc:glibc 2.27 NPTL 2.27 
rlimit (soft/hard): STACK 8192k/infinity , CORE 0k/infinity , NPROC 31314/31314 , NOFILE 1048576/1048576 , AS infinity/infinity , CPU infinity/infinity , DATA infinity/infinity , FSIZE infinity/infinity , MEMLOCK 16384k/16384k
load average:28.56 56.92 44.44

/proc/meminfo:
MemTotal:        8061524 kB
MemFree:          110356 kB
MemAvailable:      16344 kB
Buffers:             356 kB
Cached:           779652 kB
SwapCached:         1824 kB
Active:          6439756 kB
Inactive:         948184 kB
Active(anon):    6435232 kB
Inactive(anon):   940400 kB
Active(file):       4524 kB
Inactive(file):     7784 kB
Unevictable:          48 kB
Mlocked:              48 kB
SwapTotal:       2097148 kB
SwapFree:              0 kB
Dirty:                36 kB
Writeback:             0 kB
AnonPages:       6606972 kB
Mapped:            17240 kB
Shmem:            766948 kB
Slab:             234200 kB
SReclaimable:      75532 kB
SUnreclaim:       158668 kB
KernelStack:       26720 kB
PageTables:       152764 kB
NFS_Unstable:          0 kB
Bounce:                0 kB
WritebackTmp:          0 kB
CommitLimit:     6127908 kB
Committed_AS:   24377164 kB
VmallocTotal:   34359738367 kB
VmallocUsed:           0 kB
VmallocChunk:          0 kB
HardwareCorrupted:     0 kB
AnonHugePages:         0 kB
ShmemHugePages:        0 kB
ShmemPmdMapped:        0 kB
CmaTotal:              0 kB
CmaFree:               0 kB
HugePages_Total:       0
HugePages_Free:        0
HugePages_Rsvd:        0
HugePages_Surp:        0
Hugepagesize:       2048 kB
DirectMap4k:      743236 kB
DirectMap2M:     7540736 kB
DirectMap1G:     1048576 kB

/sys/kernel/mm/transparent_hugepage/enabled:
always [madvise] never

/sys/kernel/mm/transparent_hugepage/defrag (defrag/compaction efforts parameter):
always defer defer+madvise [madvise] never


/proc/sys/kernel/threads-max (system-wide limit on the number of threads):
62629


/proc/sys/vm/max_map_count (maximum number of memory map areas a process may have):
65530


/proc/sys/kernel/pid_max (system-wide limit on number of process identifiers):
32768



container (cgroup) information:
container_type: cgroupv1
cpu_cpuset_cpus: 0-3
cpu_memory_nodes: 0
active_processor_count: 4
cpu_quota: -1
cpu_period: 100000
cpu_shares: -1
memory_limit_in_bytes: -1
memory_and_swap_limit_in_bytes: -2
memory_soft_limit_in_bytes: -1
memory_usage_in_bytes: 7825522688
memory_max_usage_in_bytes: 7829622784

Steal ticks since vm start: 0
Steal ticks percentage since vm start:  0.000

CPU:total 4 (initial active 4) (2 cores per cpu, 2 threads per core) family 6 model 78 stepping 3, cmov, cx8, fxsr, mmx, sse, sse2, sse3, ssse3, sse4.1, sse4.2, popcnt, avx, avx2, aes, clmul, erms, 3dnowpref, lzcnt, ht, tsc, tscinvbit, bmi1, bmi2, adx, fma
CPU Model and flags from /proc/cpuinfo:
model name	: Intel(R) Core(TM) i7-6500U CPU @ 2.50GHz
flags		: fpu vme de pse tsc msr pae mce cx8 apic sep mtrr pge mca cmov pat pse36 clflush dts acpi mmx fxsr sse sse2 ss ht tm pbe syscall nx pdpe1gb rdtscp lm constant_tsc art arch_perfmon pebs bts rep_good nopl xtopology nonstop_tsc cpuid aperfmperf pni pclmulqdq dtes64 monitor ds_cpl vmx est tm2 ssse3 sdbg fma cx16 xtpr pdcm pcid sse4_1 sse4_2 x2apic movbe popcnt tsc_deadline_timer aes xsave avx f16c rdrand lahf_lm abm 3dnowprefetch cpuid_fault epb invpcid_single pti ssbd ibrs ibpb stibp tpr_shadow vnmi flexpriority ept vpid fsgsbase tsc_adjust bmi1 avx2 smep bmi2 erms invpcid mpx rdseed adx smap clflushopt intel_pt xsaveopt xsavec xgetbv1 xsaves dtherm ida arat pln pts hwp hwp_notify hwp_act_window hwp_epp md_clear flush_l1d

Memory: 4k page, physical 8061524k(103952k free), swap 2097148k(0k free)

vm_info: OpenJDK 64-Bit Server VM (11.0.8+10-post-Ubuntu-0ubuntu118.04.1) for linux-amd64 JRE (11.0.8+10-post-Ubuntu-0ubuntu118.04.1), built on Jul 15 2020 20:45:24 by "unknown" with gcc 7.5.0

END.
